Log file open, 06/09/18 20:25:59
LogWindows: Failed to load 'aqProf.dll' (GetLastError=126)
LogWindows: File 'aqProf.dll' does not exist
LogWindows: Failed to load 'VtuneApi.dll' (GetLastError=126)
LogWindows: File 'VtuneApi.dll' does not exist
LogWindows: Failed to load 'VtuneApi32e.dll' (GetLastError=126)
LogWindows: File 'VtuneApi32e.dll' does not exist
LogInit: Display: Running engine for game: MRVPROJECT2
LogPlatformFile: Not using cached read wrapper
LogInit: Display: RandInit(534363738) SRandInit(534363738).
LogInit: Read version file with build ID '3944462'
LogInit: Overriding engine version to CL 4033788, compatible CL 3944462
LogInit: Registered custom module enumerator with build ID '3944462'
LogTaskGraph: Started task graph with 5 named threads and 23 total threads with 3 sets of task threads.
LogStats: Stats thread started at 0.296740
LogD3D11RHI: Aftermath initialized
LogICUInternationalization: Display: ICU TimeZone Detection - Raw Offset: -3:00, Platform Override: ''
LogModuleManager: Display: Found up-to-date module file ../../../Engine/Plugins/Runtime/GoogleVR/GoogleVRHMD/Binaries/Win64/UE4Editor-GoogleVRHMD.dll (API version 3944462).
LogModuleManager: Display: Found up-to-date module file ../../../Engine/Plugins/2D/Paper2D/Binaries/Win64/UE4Editor-Paper2D.dll (API version 3944462).
LogModuleManager: Display: Found up-to-date module file ../../../Engine/Plugins/2D/Paper2D/Binaries/Win64/UE4Editor-Paper2DEditor.dll (API version 3944462).
LogModuleManager: Display: Found up-to-date module file ../../../Engine/Plugins/2D/Paper2D/Binaries/Win64/UE4Editor-PaperSpriteSheetImporter.dll (API version 3944462).
LogModuleManager: Display: Found up-to-date module file ../../../Engine/Plugins/2D/Paper2D/Binaries/Win64/UE4Editor-PaperTiledImporter.dll (API version 3944462).
LogModuleManager: Display: Found up-to-date module file ../../../Engine/Plugins/2D/Paper2D/Binaries/Win64/UE4Editor-SmartSnapping.dll (API version 3944462).
LogModuleManager: Display: Found up-to-date module file ../../../Engine/Plugins/Blendables/LightPropagationVolume/Binaries/Win64/UE4Editor-LightPropagationVolumeRuntime.dll (API version 3944462).
LogModuleManager: Display: Found up-to-date module file ../../../Engine/Plugins/Blendables/LightPropagationVolume/Binaries/Win64/UE4Editor-LightPropagationVolumeEditor.dll (API version 3944462).
LogModuleManager: Display: Found up-to-date module file ../../../Engine/Plugins/Developer/CLionSourceCodeAccess/Binaries/Win64/UE4Editor-CLionSourceCodeAccess.dll (API version 3944462).
LogModuleManager: Display: Found up-to-date module file ../../../Engine/Plugins/Developer/GitSourceControl/Binaries/Win64/UE4Editor-GitSourceControl.dll (API version 3944462).
LogModuleManager: Display: Found up-to-date module file ../../../Engine/Plugins/Developer/PerforceSourceControl/Binaries/Win64/UE4Editor-PerforceSourceControl.dll (API version 3944462).
LogModuleManager: Display: Found up-to-date module file ../../../Engine/Plugins/Developer/SubversionSourceControl/Binaries/Win64/UE4Editor-SubversionSourceControl.dll (API version 3944462).
LogModuleManager: Display: Found up-to-date module file ../../../Engine/Plugins/Developer/UObjectPlugin/Binaries/Win64/UE4Editor-UObjectPlugin.dll (API version 3944462).
LogModuleManager: Display: Found up-to-date module file ../../../Engine/Plugins/Developer/VisualStudioCodeSourceCodeAccess/Binaries/Win64/UE4Editor-VisualStudioCodeSourceCodeAccess.dll (API version 3944462).
LogModuleManager: Display: Found up-to-date module file ../../../Engine/Plugins/Developer/VisualStudioSourceCodeAccess/Binaries/Win64/UE4Editor-VisualStudioSourceCodeAccess.dll (API version 3944462).
LogModuleManager: Display: Found up-to-date module file ../../../Engine/Plugins/Editor/AssetManagerEditor/Binaries/Win64/UE4Editor-AssetManagerEditor.dll (API version 3944462).
LogModuleManager: Display: Found up-to-date module file ../../../Engine/Plugins/Editor/CryptoKeys/Binaries/Win64/UE4Editor-CryptoKeys.dll (API version 3944462).
LogModuleManager: Display: Found up-to-date module file ../../../Engine/Plugins/Editor/CryptoKeys/Binaries/Win64/UE4Editor-CryptoKeysOpenSSL.dll (API version 3944462).
LogModuleManager: Display: Found up-to-date module file ../../../Engine/Plugins/Editor/DataValidation/Binaries/Win64/UE4Editor-DataValidation.dll (API version 3944462).
LogModuleManager: Display: Found up-to-date module file ../../../Engine/Plugins/Editor/FacialAnimation/Binaries/Win64/UE4Editor-FacialAnimation.dll (API version 3944462).
LogModuleManager: Display: Found up-to-date module file ../../../Engine/Plugins/Editor/FacialAnimation/Binaries/Win64/UE4Editor-FacialAnimationEditor.dll (API version 3944462).
LogModuleManager: Display: Found up-to-date module file ../../../Engine/Plugins/Editor/GameplayTagsEditor/Binaries/Win64/UE4Editor-GameplayTagsEditor.dll (API version 3944462).
LogModuleManager: Display: Found up-to-date module file ../../../Engine/Plugins/Editor/MobileLauncherProfileWizard/Binaries/Win64/UE4Editor-MobileLauncherProfileWizard.dll (API version 3944462).
LogModuleManager: Display: Found up-to-date module file ../../../Engine/Plugins/Editor/PluginBrowser/Binaries/Win64/UE4Editor-PluginBrowser.dll (API version 3944462).
LogModuleManager: Display: Found up-to-date module file ../../../Engine/Plugins/Editor/SpeedTreeImporter/Binaries/Win64/UE4Editor-SpeedTreeImporter.dll (API version 3944462).
LogModuleManager: Display: Found up-to-date module file ../../../Engine/Plugins/Enterprise/DatasmithContent/Binaries/Win64/UE4Editor-DatasmithContent.dll (API version 3944462).
LogModuleManager: Display: Found up-to-date module file ../../../Engine/Plugins/Experimental/AlembicImporter/Binaries/Win64/UE4Editor-AlembicImporter.dll (API version 3944462).
LogModuleManager: Display: Found up-to-date module file ../../../Engine/Plugins/Experimental/AlembicImporter/Binaries/Win64/UE4Editor-AlembicLibrary.dll (API version 3944462).
LogModuleManager: Display: Found up-to-date module file ../../../Engine/Plugins/Experimental/CharacterAI/Binaries/Win64/UE4Editor-CharacterAI.dll (API version 3944462).
LogModuleManager: Display: Found up-to-date module file ../../../Engine/Plugins/Experimental/HTML5Networking/Binaries/Win64/UE4Editor-HTML5Networking.dll (API version 3944462).
LogModuleManager: Display: Found up-to-date module file ../../../Engine/Plugins/Media/AndroidMedia/Binaries/Win64/UE4Editor-AndroidMediaEditor.dll (API version 3944462).
LogModuleManager: Display: Found up-to-date module file ../../../Engine/Plugins/Media/AndroidMedia/Binaries/Win64/UE4Editor-AndroidMediaFactory.dll (API version 3944462).
LogModuleManager: Display: Found up-to-date module file ../../../Engine/Plugins/Media/AvfMedia/Binaries/Win64/UE4Editor-AvfMediaEditor.dll (API version 3944462).
LogModuleManager: Display: Found up-to-date module file ../../../Engine/Plugins/Media/AvfMedia/Binaries/Win64/UE4Editor-AvfMediaFactory.dll (API version 3944462).
LogModuleManager: Display: Found up-to-date module file ../../../Engine/Plugins/Media/AvfMedia/Binaries/Win64/UE4Editor-AvfMediaFactory.dll (API version 3944462).
LogModuleManager: Display: Found up-to-date module file ../../../Engine/Plugins/Media/ImgMedia/Binaries/Win64/UE4Editor-ImgMedia.dll (API version 3944462).
LogModuleManager: Display: Found up-to-date module file ../../../Engine/Plugins/Media/ImgMedia/Binaries/Win64/UE4Editor-ImgMediaEditor.dll (API version 3944462).
LogModuleManager: Display: Found up-to-date module file ../../../Engine/Plugins/Media/ImgMedia/Binaries/Win64/UE4Editor-ImgMediaFactory.dll (API version 3944462).
LogModuleManager: Display: Found up-to-date module file ../../../Engine/Plugins/Media/ImgMedia/Binaries/Win64/UE4Editor-ImgMediaFactory.dll (API version 3944462).
LogModuleManager: Display: Found up-to-date module file ../../../Engine/Plugins/Media/ImgMedia/Binaries/Win64/UE4Editor-OpenExrWrapper.dll (API version 3944462).
LogModuleManager: Display: Found up-to-date module file ../../../Engine/Plugins/Media/LinearTimecode/Binaries/Win64/UE4Editor-LinearTimecode.dll (API version 3944462).
LogModuleManager: Display: Found up-to-date module file ../../../Engine/Plugins/Media/MediaCompositing/Binaries/Win64/UE4Editor-MediaCompositing.dll (API version 3944462).
LogModuleManager: Display: Found up-to-date module file ../../../Engine/Plugins/Media/MediaCompositing/Binaries/Win64/UE4Editor-MediaCompositingEditor.dll (API version 3944462).
LogModuleManager: Display: Found up-to-date module file ../../../Engine/Plugins/Media/MediaPlayerEditor/Binaries/Win64/UE4Editor-MediaPlayerEditor.dll (API version 3944462).
LogModuleManager: Display: Found up-to-date module file ../../../Engine/Plugins/Media/WmfMedia/Binaries/Win64/UE4Editor-WmfMedia.dll (API version 3944462).
LogModuleManager: Display: Found up-to-date module file ../../../Engine/Plugins/Media/WmfMedia/Binaries/Win64/UE4Editor-WmfMediaEditor.dll (API version 3944462).
LogModuleManager: Display: Found up-to-date module file ../../../Engine/Plugins/Media/WmfMedia/Binaries/Win64/UE4Editor-WmfMediaFactory.dll (API version 3944462).
LogModuleManager: Display: Found up-to-date module file ../../../Engine/Plugins/Media/WmfMedia/Binaries/Win64/UE4Editor-WmfMediaFactory.dll (API version 3944462).
LogModuleManager: Display: Found up-to-date module file ../../../Engine/Plugins/Messaging/TcpMessaging/Binaries/Win64/UE4Editor-TcpMessaging.dll (API version 3944462).
LogModuleManager: Display: Found up-to-date module file ../../../Engine/Plugins/Messaging/UdpMessaging/Binaries/Win64/UE4Editor-UdpMessaging.dll (API version 3944462).
LogModuleManager: Display: Found up-to-date module file ../../../Engine/Plugins/MovieScene/ActorSequence/Binaries/Win64/UE4Editor-ActorSequence.dll (API version 3944462).
LogModuleManager: Display: Found up-to-date module file ../../../Engine/Plugins/MovieScene/LevelSequenceEditor/Binaries/Win64/UE4Editor-LevelSequenceEditor.dll (API version 3944462).
LogModuleManager: Display: Found up-to-date module file ../../../Engine/Plugins/MovieScene/MatineeToLevelSequence/Binaries/Win64/UE4Editor-MatineeToLevelSequence.dll (API version 3944462).
LogModuleManager: Display: Found up-to-date module file ../../../Engine/Plugins/NetcodeUnitTest/NetcodeUnitTest/Binaries/Win64/UE4Editor-NetcodeUnitTest.dll (API version 3944462).
LogModuleManager: Display: Found up-to-date module file ../../../Engine/Plugins/NetcodeUnitTest/NUTUnrealEngine4/Binaries/Win64/UE4Editor-NUTUnrealEngine4.dll (API version 3944462).
LogModuleManager: Display: Found up-to-date module file ../../../Engine/Plugins/Online/OnlineSubsystem/Binaries/Win64/UE4Editor-OnlineSubsystem.dll (API version 3944462).
LogModuleManager: Display: Found up-to-date module file ../../../Engine/Plugins/Runtime/AndroidPermission/Binaries/Win64/UE4Editor-AndroidPermission.dll (API version 3944462).
LogModuleManager: Display: Found up-to-date module file ../../../Engine/Plugins/Online/OnlineSubsystemNull/Binaries/Win64/UE4Editor-OnlineSubsystemNull.dll (API version 3944462).
LogModuleManager: Display: Found up-to-date module file ../../../Engine/Plugins/Online/OnlineSubsystemUtils/Binaries/Win64/UE4Editor-OnlineSubsystemUtils.dll (API version 3944462).
LogModuleManager: Display: Found up-to-date module file ../../../Engine/Plugins/Online/OnlineSubsystemUtils/Binaries/Win64/UE4Editor-OnlineBlueprintSupport.dll (API version 3944462).
LogModuleManager: Display: Found up-to-date module file ../../../Engine/Plugins/Runtime/AndroidDeviceProfileSelector/Binaries/Win64/UE4Editor-AndroidDeviceProfileSelector.dll (API version 3944462).
LogModuleManager: Display: Found up-to-date module file ../../../Engine/Plugins/Runtime/AppleARKit/Binaries/Win64/UE4Editor-AppleARKit.dll (API version 3944462).
LogModuleManager: Display: Found up-to-date module file ../../../Engine/Plugins/Runtime/ProceduralMeshComponent/Binaries/Win64/UE4Editor-ProceduralMeshComponent.dll (API version 3944462).
LogModuleManager: Display: Found up-to-date module file ../../../Engine/Plugins/Runtime/ProceduralMeshComponent/Binaries/Win64/UE4Editor-ProceduralMeshComponentEditor.dll (API version 3944462).
LogModuleManager: Display: Found up-to-date module file ../../../Engine/Plugins/Animation/LiveLink/Binaries/Win64/UE4Editor-LiveLink.dll (API version 3944462).
LogModuleManager: Display: Found up-to-date module file ../../../Engine/Plugins/Animation/LiveLink/Binaries/Win64/UE4Editor-LiveLinkEditor.dll (API version 3944462).
LogModuleManager: Display: Found up-to-date module file ../../../Engine/Plugins/Runtime/ArchVisCharacter/Binaries/Win64/UE4Editor-ArchVisCharacter.dll (API version 3944462).
LogModuleManager: Display: Found up-to-date module file ../../../Engine/Plugins/Runtime/AudioCapture/Binaries/Win64/UE4Editor-AudioCapture.dll (API version 3944462).
LogModuleManager: Display: Found up-to-date module file ../../../Engine/Plugins/Runtime/AudioCapture/Binaries/Win64/UE4Editor-AudioCaptureEditor.dll (API version 3944462).
LogModuleManager: Display: Found up-to-date module file ../../../Engine/Plugins/Runtime/CableComponent/Binaries/Win64/UE4Editor-CableComponent.dll (API version 3944462).
LogModuleManager: Display: Found up-to-date module file ../../../Engine/Plugins/Runtime/CustomMeshComponent/Binaries/Win64/UE4Editor-CustomMeshComponent.dll (API version 3944462).
LogModuleManager: Display: Found up-to-date module file ../../../Engine/Plugins/Runtime/ExampleDeviceProfileSelector/Binaries/Win64/UE4Editor-ExampleDeviceProfileSelector.dll (API version 3944462).
LogModuleManager: Display: Found up-to-date module file ../../../Engine/Plugins/Runtime/ImmediatePhysics/Binaries/Win64/UE4Editor-ImmediatePhysics.dll (API version 3944462).
LogModuleManager: Display: Found up-to-date module file ../../../Engine/Plugins/Runtime/ImmediatePhysics/Binaries/Win64/UE4Editor-ImmediatePhysicsEditor.dll (API version 3944462).
LogModuleManager: Display: Found up-to-date module file ../../../Engine/Plugins/Runtime/LocationServicesBPLibrary/Binaries/Win64/UE4Editor-LocationServicesBPLibrary.dll (API version 3944462).
LogModuleManager: Display: Found up-to-date module file ../../../Engine/Plugins/Runtime/MobilePatchingUtils/Binaries/Win64/UE4Editor-MobilePatchingUtils.dll (API version 3944462).
LogModuleManager: Display: Found up-to-date module file ../../../Engine/Plugins/Runtime/Oculus/OculusVR/Binaries/Win64/UE4Editor-OculusHMD.dll (API version 3944462).
LogModuleManager: Display: Found up-to-date module file ../../../Engine/Plugins/Runtime/Oculus/OculusVR/Binaries/Win64/UE4Editor-OculusInput.dll (API version 3944462).
LogModuleManager: Display: Found up-to-date module file ../../../Engine/Plugins/Runtime/Oculus/OculusVR/Binaries/Win64/UE4Editor-OculusEditor.dll (API version 3944462).
LogModuleManager: Display: Found up-to-date module file ../../../Engine/Plugins/Runtime/PhysXVehicles/Binaries/Win64/UE4Editor-PhysXVehicles.dll (API version 3944462).
LogModuleManager: Display: Found up-to-date module file ../../../Engine/Plugins/Runtime/PhysXVehicles/Binaries/Win64/UE4Editor-PhysXVehiclesEditor.dll (API version 3944462).
LogModuleManager: Display: Found up-to-date module file ../../../Engine/Plugins/Runtime/RuntimePhysXCooking/Binaries/Win64/UE4Editor-RuntimePhysXCooking.dll (API version 3944462).
LogModuleManager: Display: Found up-to-date module file ../../../Engine/Plugins/Runtime/Steam/SteamVR/Binaries/Win64/UE4Editor-SteamVR.dll (API version 3944462).
LogModuleManager: Display: Found up-to-date module file ../../../Engine/Plugins/Runtime/Steam/SteamVR/Binaries/Win64/UE4Editor-SteamVRController.dll (API version 3944462).
LogModuleManager: Display: Found up-to-date module file ../../../Engine/Plugins/Runtime/WindowsMoviePlayer/Binaries/Win64/UE4Editor-WindowsMoviePlayer.dll (API version 3944462).
LogPluginManager: Mounting plugin Paper2D
LogPluginManager: Mounting plugin LiveLink
LogPluginManager: Mounting plugin LightPropagationVolume
LogPluginManager: Mounting plugin CLionSourceCodeAccess
LogPluginManager: Mounting plugin CodeLiteSourceCodeAccess
LogPluginManager: Mounting plugin GitSourceControl
LogPluginManager: Mounting plugin KDevelopSourceCodeAccess
LogPluginManager: Mounting plugin NullSourceCodeAccess
LogPluginManager: Mounting plugin PerforceSourceControl
LogPluginManager: Mounting plugin SubversionSourceControl
LogPluginManager: Mounting plugin UObjectPlugin
LogPluginManager: Mounting plugin VisualStudioCodeSourceCodeAccess
LogPluginManager: Mounting plugin VisualStudioSourceCodeAccess
LogPluginManager: Mounting plugin XCodeSourceCodeAccess
LogPluginManager: Mounting plugin AssetManagerEditor
LogPluginManager: Mounting plugin CryptoKeys
LogPluginManager: Mounting plugin DataValidation
LogPluginManager: Mounting plugin FacialAnimation
LogPluginManager: Mounting plugin GameplayTagsEditor
LogPluginManager: Mounting plugin MobileLauncherProfileWizard
LogPluginManager: Mounting plugin PluginBrowser
LogPluginManager: Mounting plugin SpeedTreeImporter
LogPluginManager: Mounting plugin DatasmithContent
LogPluginManager: Mounting plugin AlembicImporter
LogPluginManager: Mounting plugin CharacterAI
LogPluginManager: Mounting plugin HTML5Networking
LogPluginManager: Mounting plugin AndroidMedia
LogPluginManager: Mounting plugin AvfMedia
LogPluginManager: Mounting plugin ImgMedia
LogPluginManager: Mounting plugin LinearTimecode
LogPluginManager: Mounting plugin MediaCompositing
LogPluginManager: Mounting plugin MediaPlayerEditor
LogPluginManager: Mounting plugin WmfMedia
LogPluginManager: Mounting plugin TcpMessaging
LogPluginManager: Mounting plugin UdpMessaging
LogPluginManager: Mounting plugin ActorSequence
LogPluginManager: Mounting plugin LevelSequenceEditor
LogPluginManager: Mounting plugin MatineeToLevelSequence
LogPluginManager: Mounting plugin NetcodeUnitTest
LogPluginManager: Mounting plugin NUTUnrealEngine4
LogPluginManager: Mounting plugin OnlineSubsystemGooglePlay
LogPluginManager: Mounting plugin OnlineSubsystemIOS
LogPluginManager: Mounting plugin OnlineSubsystem
LogPluginManager: Mounting plugin OnlineSubsystemNull
LogPluginManager: Mounting plugin OnlineSubsystemUtils
LogPluginManager: Mounting plugin AndroidDeviceProfileSelector
LogPluginManager: Mounting plugin AndroidMoviePlayer
LogPluginManager: Mounting plugin AndroidPermission
LogPluginManager: Mounting plugin AppleARKit
LogPluginManager: Mounting plugin AppleMoviePlayer
LogPluginManager: Mounting plugin ArchVisCharacter
LogPluginManager: Mounting plugin AudioCapture
LogPluginManager: Mounting plugin CableComponent
LogPluginManager: Mounting plugin CustomMeshComponent
LogPluginManager: Mounting plugin ExampleDeviceProfileSelector
LogPluginManager: Mounting plugin GoogleCloudMessaging
LogPluginManager: Mounting plugin GoogleVRHMD
LogPluginManager: Mounting plugin ImmediatePhysics
LogPluginManager: Mounting plugin IOSDeviceProfileSelector
LogPluginManager: Mounting plugin LinuxDeviceProfileSelector
LogPluginManager: Mounting plugin LocationServicesBPLibrary
LogPluginManager: Mounting plugin MobilePatchingUtils
LogPluginManager: Mounting plugin OculusVR
LogPluginManager: Plugin shader directory ../../../Engine/Plugins/Runtime/Oculus/OculusVR/Shaders found
LogPluginManager: Mapping shader source directory ../../../Engine/Plugins/Runtime/Oculus/OculusVR/Shaders to virtual directory /Plugin/OculusVR
LogPluginManager: Mounting plugin PhysXVehicles
LogPluginManager: Mounting plugin ProceduralMeshComponent
LogPluginManager: Mounting plugin RuntimePhysXCooking
LogPluginManager: Mounting plugin SteamVR
LogPluginManager: Mounting plugin WindowsMoviePlayer
LogStreaming: Display: Took  1.066s to configure plugins.
LogInit: Using libcurl 7.47.1
LogInit:  - built for x86_64-pc-win32
LogInit:  - supports SSL with OpenSSL/1.0.2g
LogInit:  - supports HTTP deflate (compression) using libz 1.2.8
LogInit:  - other features:
LogInit:      CURL_VERSION_SSL
LogInit:      CURL_VERSION_LIBZ
LogInit:      CURL_VERSION_IPV6
LogInit:      CURL_VERSION_ASYNCHDNS
LogInit:      CURL_VERSION_LARGEFILE
LogInit:      CURL_VERSION_IDN
LogInit:  CurlRequestOptions (configurable via config and command line):
LogInit:  - bVerifyPeer = false  - Libcurl will NOT verify peer certificate
LogInit:  - bUseHttpProxy = false  - Libcurl will NOT use HTTP proxy
LogInit:  - bDontReuseConnections = false  - Libcurl will reuse connections
LogInit:  - CertBundlePath = nullptr  - Libcurl will use whatever was configured at build time.
LogInit:  - MaxHostConnections = 16  - Libcurl will limit the number of connections to a host
LogInit:  - LocalHostAddr = Default
LogInit: WinSock: version 1.1 (2.2), MaxSocks=32767, MaxUdp=65467
LogInit: WinSock: I am Allan_PC (192.168.0.10:0)
LogInit: Build: ++UE4+Release-4.19-CL-4033788
LogInit: Engine Version: 4.19.2-4033788+++UE4+Release-4.19
LogInit: Compatible Engine Version: 4.19.0-3944462+++UE4+Release-4.19
LogInit: Net CL: 3944462
LogDevObjectVersion: Number of dev versions registered: 18
LogDevObjectVersion:   Dev-Blueprints (B0D832E4-1F89-4F0D-ACCF-7EB736FD4AA2): 10
LogDevObjectVersion:   Dev-Build (E1C64328-A22C-4D53-A36C-8E866417BD8C): 0
LogDevObjectVersion:   Dev-Core (375EC13C-06E4-48FB-B500-84F0262A717E): 2
LogDevObjectVersion:   Dev-Editor (E4B068ED-F494-42E9-A231-DA0B2E46BB41): 23
LogDevObjectVersion:   Dev-Framework (CFFC743F-43B0-4480-9391-14DF171D2073): 33
LogDevObjectVersion:   Dev-Mobile (B02B49B5-BB20-44E9-A304-32B752E40360): 2
LogDevObjectVersion:   Dev-Networking (A4E4105C-59A1-49B5-A7C5-40C4547EDFEE): 0
LogDevObjectVersion:   Dev-Online (39C831C9-5AE6-47DC-9A44-9C173E1C8E7C): 0
LogDevObjectVersion:   Dev-Physics (78F01B33-EBEA-4F98-B9B4-84EACCB95AA2): 0
LogDevObjectVersion:   Dev-Platform (6631380F-2D4D-43E0-8009-CF276956A95A): 0
LogDevObjectVersion:   Dev-Rendering (12F88B9F-8875-4AFC-A67C-D90C383ABD29): 25
LogDevObjectVersion:   Dev-Sequencer (7B5AE74C-D270-4C10-A958-57980B212A5A): 6
LogDevObjectVersion:   Dev-VR (D7296918-1DD6-4BDD-9DE2-64A83CC13884): 1
LogDevObjectVersion:   Dev-LoadTimes (C2A15278-BFE7-4AFE-6C17-90FF531DF755): 1
LogDevObjectVersion:   Private-Geometry (6EACA3D4-40EC-4CC1-B786-8BED09428FC5): 2
LogDevObjectVersion:   Dev-AnimPhys (29E575DD-E0A3-4627-9D10-D276232CDCEA): 16
LogDevObjectVersion:   Dev-ReflectionCapture (6B266CEC-1EC7-4B8F-A30B-E4D90942FC07): 1
LogDevObjectVersion:   Dev-Automation (0DF73D61-A23F-47EA-B727-89E90C41499A): 1
LogInit: Compiled (64-bit): Apr 27 2018 02:06:57
LogInit: Compiled with Visual C++: 19.00.24215.01
LogInit: Build Configuration: Development
LogInit: Branch Name: ++UE4+Release-4.19
LogInit: Command Line: -EpicPortal 
LogInit: Base Directory: C:/Program Files/Epic Games/UE_4.19/Engine/Binaries/Win64/
LogInit: Installed Engine Build: 1
LogStreaming: Display: Took  0.000s to delete old logs.
LogInit: Presizing for max 8388607 objects, including 0 objects not considered by GC, pre-allocating 0 bytes for permanent pool.
LogInit: Object subsystem initialized
[2018.06.09-23.26.00:853][  0]LogInit: Selected Device Profile: [Windows]
[2018.06.09-23.26.00:853][  0]LogInit: Applying CVar settings loaded from the selected device profile: [Windows]
[2018.06.09-23.26.00:871][  0]LogInit: Computer: ALLAN_PC
[2018.06.09-23.26.00:871][  0]LogInit: User: allan
[2018.06.09-23.26.00:871][  0]LogInit: CPU Page size=4096, Cores=4
[2018.06.09-23.26.00:871][  0]LogInit: High frequency timer resolution =2.742191 MHz
[2018.06.09-23.26.00:871][  0]LogMemory: Memory total: Physical=7.7GB (8GB approx)
[2018.06.09-23.26.00:871][  0]LogMemory: Platform Memory Stats for Windows
[2018.06.09-23.26.00:871][  0]LogMemory: Process Physical Memory: 274.79 MB used, 274.79 MB peak
[2018.06.09-23.26.00:871][  0]LogMemory: Process Virtual Memory: 264.83 MB used, 264.83 MB peak
[2018.06.09-23.26.00:871][  0]LogMemory: Physical Memory: 5523.06 MB used,  2315.62 MB free, 7838.68 MB total
[2018.06.09-23.26.00:871][  0]LogMemory: Virtual Memory: 4794.52 MB used,  2315.62 MB free, 134217728.00 MB total
[2018.06.09-23.26.00:892][  0]LogInit: Using OS detected language (pt-BR).
[2018.06.09-23.26.00:892][  0]LogInit: Using OS detected locale (pt-BR).
[2018.06.09-23.26.01:268][  0]LogStreaming: Display: Took  0.376s to EndInitTextLocalization.
[2018.06.09-23.26.01:268][  0]LogInit: Setting process to per monitor DPI aware
[2018.06.09-23.26.01:313][  0]LogSlate: New Slate User Created.  User Index 0, Is Virtual User: 0
[2018.06.09-23.26.01:313][  0]LogSlate: Slate User Registered.  User Index 0, Is Virtual User: 0
[2018.06.09-23.26.01:550][  0]LogD3D11RHI: D3D11 adapters:
[2018.06.09-23.26.01:614][  0]LogD3D11RHI:    0. 'NVIDIA GeForce GTX 1050 Ti' (Feature Level 11_0)
[2018.06.09-23.26.01:614][  0]LogD3D11RHI:       4018/0/3919 MB DedicatedVideo/DedicatedSystem/SharedSystem, Outputs:1, VendorId:0x10de
[2018.06.09-23.26.01:628][  0]LogD3D11RHI:    1. 'Intel(R) HD Graphics 630' (Feature Level 11_0)
[2018.06.09-23.26.01:628][  0]LogD3D11RHI:       128/0/3919 MB DedicatedVideo/DedicatedSystem/SharedSystem, Outputs:0, VendorId:0x8086
[2018.06.09-23.26.01:630][  0]LogD3D11RHI:    2. 'Microsoft Basic Render Driver' (Feature Level 11_0)
[2018.06.09-23.26.01:630][  0]LogD3D11RHI:       0/0/3919 MB DedicatedVideo/DedicatedSystem/SharedSystem, Outputs:0, VendorId:0x1414
[2018.06.09-23.26.01:630][  0]LogD3D11RHI: Chosen D3D11 Adapter: 0
[2018.06.09-23.26.01:658][  0]LogD3D11RHI: Creating new Direct3DDevice
[2018.06.09-23.26.01:658][  0]LogD3D11RHI:     GPU DeviceId: 0x1c8c (for the marketing name, search the web for "GPU Device Id")
[2018.06.09-23.26.01:658][  0]LogWindows: EnumDisplayDevices:
[2018.06.09-23.26.01:658][  0]LogWindows:    0. 'Intel(R) HD Graphics 630' (P:1 D:1)
[2018.06.09-23.26.01:658][  0]LogWindows:    1. 'Intel(R) HD Graphics 630' (P:0 D:0)
[2018.06.09-23.26.01:658][  0]LogWindows:    2. 'Intel(R) HD Graphics 630' (P:0 D:0)
[2018.06.09-23.26.01:658][  0]LogWindows:    3. 'NVIDIA GeForce GTX 1050 Ti' (P:0 D:0)
[2018.06.09-23.26.01:658][  0]LogWindows: DebugString: GetVideoDriverDetailsInvalid PrimaryIsNotTheChoosenAdapter GetVideoDriverDetailsInvalid PrimaryIsNotTheChoosenAdapter GetVideoDriverDetailsInvalid PrimaryIsNotTheChoosenAdapter GetVideoDriverDetailsInvalid PrimaryIsNotTheChoosenAdapter FoundDriverCount:0 
[2018.06.09-23.26.01:658][  0]LogD3D11RHI:     Adapter Name: NVIDIA GeForce GTX 1050 Ti
[2018.06.09-23.26.01:658][  0]LogD3D11RHI:   Driver Version: Unknown (internal:Unknown, unified:Unknown)
[2018.06.09-23.26.01:658][  0]LogD3D11RHI:      Driver Date: Unknown
[2018.06.09-23.26.01:658][  0]LogRHI: Texture pool is 2812 MB (70% of 4018 MB)
[2018.06.09-23.26.01:706][  0]LogD3D11RHI: [Aftermath] Aftermath enabled and primed
[2018.06.09-23.26.01:706][  0]LogD3D11RHI: [Aftermath] Aftermath enabled and primed
[2018.06.09-23.26.01:706][  0]LogD3D11RHI: Async texture creation enabled
[2018.06.09-23.26.01:790][  0]LogD3D11RHI: GPU Timing Frequency: 1000.000000 (Debug: 2 2)
[2018.06.09-23.26.01:791][  0]LogShaderCompilers: Guid format shader working directory is 2 characters bigger than the processId version (../../../../../../Projects/MRVPROJECTUNREAL/Intermediate/Shaders/WorkingDirectory/19408/).
[2018.06.09-23.26.01:791][  0]LogShaderCompilers: Cleaned the shader compiler working directory 'C:/Users/allan/AppData/Local/Temp/UnrealShaderWorkingDir/2F438138446FB0B92E362B8C0869DF1E/'.
[2018.06.09-23.26.02:058][  0]LogTemp: Display: Loaded TP AllDesktopTargetPlatform
[2018.06.09-23.26.02:073][  0]LogTemp: Display: Loaded TP MacClientTargetPlatform
[2018.06.09-23.26.02:088][  0]LogTemp: Display: Loaded TP MacNoEditorTargetPlatform
[2018.06.09-23.26.02:103][  0]LogTemp: Display: Loaded TP MacServerTargetPlatform
[2018.06.09-23.26.02:117][  0]LogTemp: Display: Loaded TP MacTargetPlatform
[2018.06.09-23.26.02:133][  0]LogTemp: Display: Loaded TP WindowsClientTargetPlatform
[2018.06.09-23.26.02:148][  0]LogTemp: Display: Loaded TP WindowsNoEditorTargetPlatform
[2018.06.09-23.26.02:162][  0]LogTemp: Display: Loaded TP WindowsServerTargetPlatform
[2018.06.09-23.26.02:170][  0]LogTemp: Display: Loaded TP WindowsTargetPlatform
[2018.06.09-23.26.02:182][  0]LogTemp: Display: Loaded TP Android_ASTCTargetPlatform
[2018.06.09-23.26.02:195][  0]LogTemp: Display: Loaded TP Android_ATCTargetPlatform
[2018.06.09-23.26.02:208][  0]LogTemp: Display: Loaded TP Android_DXTTargetPlatform
[2018.06.09-23.26.02:221][  0]LogTemp: Display: Loaded TP Android_ETC1aTargetPlatform
[2018.06.09-23.26.02:237][  0]LogTemp: Display: Loaded TP Android_ETC1TargetPlatform
[2018.06.09-23.26.02:249][  0]LogTemp: Display: Loaded TP Android_ETC2TargetPlatform
[2018.06.09-23.26.02:276][  0]LogTemp: Display: Loaded TP Android_MultiTargetPlatform
[2018.06.09-23.26.02:276][  0]LogTemp: Display: Loaded TP Android_PVRTCTargetPlatform
[2018.06.09-23.26.02:290][  0]LogTemp: Display: Loaded TP AndroidTargetPlatform
[2018.06.09-23.26.02:292][  0]LogTemp: Display: Loaded TP HTML5TargetPlatform
[2018.06.09-23.26.02:331][  0]LogTemp: Display: Loaded TP IOSTargetPlatform
[2018.06.09-23.26.02:351][  0]LogTemp: Display: Loaded TP TVOSTargetPlatform
[2018.06.09-23.26.02:367][  0]LogTemp: Display: Loaded TP LinuxClientTargetPlatform
[2018.06.09-23.26.02:391][  0]LogTemp: Display: Loaded TP LinuxNoEditorTargetPlatform
[2018.06.09-23.26.02:404][  0]LogTemp: Display: Loaded TP LinuxServerTargetPlatform
[2018.06.09-23.26.02:417][  0]LogTemp: Display: Loaded TP LinuxTargetPlatform
[2018.06.09-23.26.02:417][  0]LogTargetPlatformManager: Display: Building Assets For Windows
[2018.06.09-23.26.02:537][  0]LogXGEController: Cannot use XGE Controller as Incredibuild is not installed on this machine.
[2018.06.09-23.26.02:537][  0]LogShaderCompilers: Cannot use XGE Shader Compiler as Incredibuild is not installed on this machine.
[2018.06.09-23.26.02:537][  0]LogShaderCompilers: Display: Using Local Shader Compiler.
[2018.06.09-23.26.03:269][  0]LogDerivedDataCache: Display: Max Cache Size: 512 MB
[2018.06.09-23.26.03:349][  0]LogDerivedDataCache: Loaded boot cache 0.08s 74MB C:/Users/allan/AppData/Local/UnrealEngine/4.19/DerivedDataCache/Boot.ddc.
[2018.06.09-23.26.03:349][  0]LogDerivedDataCache: Display: Loaded Boot cache: C:/Users/allan/AppData/Local/UnrealEngine/4.19/DerivedDataCache/Boot.ddc
[2018.06.09-23.26.03:349][  0]LogDerivedDataCache: FDerivedDataBackendGraph:  Pak pak cache file ../../../../../../Projects/MRVPROJECTUNREAL/DerivedDataCache/DDC.ddp not found, will not use a pak cache.
[2018.06.09-23.26.03:349][  0]LogDerivedDataCache: Unable to find inner node Pak for hierarchical cache Hierarchy.
[2018.06.09-23.26.03:349][  0]LogDerivedDataCache: FDerivedDataBackendGraph:  CompressedPak pak cache file ../../../../../../Projects/MRVPROJECTUNREAL/DerivedDataCache/Compressed.ddp not found, will not use a pak cache.
[2018.06.09-23.26.03:350][  0]LogDerivedDataCache: Unable to find inner node CompressedPak for hierarchical cache Hierarchy.
[2018.06.09-23.26.03:366][  0]LogDerivedDataCache: Display: Pak cache opened for reading ../../../Engine/DerivedDataCache/Compressed.ddp.
[2018.06.09-23.26.03:378][  0]LogDerivedDataCache: Using Local data cache path C:/Users/allan/AppData/Local/UnrealEngine/Common/DerivedDataCache: Writable
[2018.06.09-23.26.03:378][  0]LogDerivedDataCache: Shared data cache path not found in *engine.ini, will not use an Shared cache.
[2018.06.09-23.26.03:378][  0]LogDerivedDataCache: Unable to find inner node Shared for hierarchical cache Hierarchy.
[2018.06.09-23.26.03:393][  0]LogMaterial: Verifying Global Shaders for PCD3D_SM5
[2018.06.09-23.26.03:393][  0]LogSlate: Using Freetype 2.6.0
[2018.06.09-23.26.03:394][  0]LogSlate: SlateFontCache - WITH_FREETYPE: 1, WITH_HARFBUZZ: 1
[2018.06.09-23.26.03:394][  0]LogSlate: SlateFontCache - WITH_FREETYPE: 1, WITH_HARFBUZZ: 1
[2018.06.09-23.26.03:520][  0]LogAssetRegistry: FAssetRegistry took 0.0273 seconds to start up
[2018.06.09-23.26.03:855][  0]LogInit: Selected Device Profile: [Windows]
[2018.06.09-23.26.04:017][  0]LogSimplygon: Simplygon DLL not present - disabling.
[2018.06.09-23.26.04:020][  0]LogMeshReduction: Using SimplygonSwarm for distributed automatic mesh merging
[2018.06.09-23.26.04:020][  0]LogMeshReduction: Using QuadricMeshReduction for automatic static mesh reduction
[2018.06.09-23.26.04:020][  0]LogMeshReduction: No automatic skeletal mesh reduction module available
[2018.06.09-23.26.04:020][  0]LogMeshReduction: No automatic mesh merging module available
[2018.06.09-23.26.04:020][  0]LogMeshMerging: No automatic mesh merging module available
[2018.06.09-23.26.04:055][  0]LogNetVersion: MRVPROJECT2 , NetCL: 3944462, EngineNetVer: 2, GameNetVer: 0 (Checksum: 1956223956)
[2018.06.09-23.26.04:623][  0]LogPackageLocalizationCache: Processed 9 localized package path(s) for 2 prioritized culture(s) in 0.115571 seconds
[2018.06.09-23.26.04:629][  0]LogUObjectArray: 36813 objects as part of root set at end of initial load.
[2018.06.09-23.26.04:629][  0]LogUObjectAllocator: 7329040 out of 0 bytes used by permanent object pool.
[2018.06.09-23.26.04:629][  0]LogUObjectArray: CloseDisregardForGC: 0/0 objects in disregard for GC pool
[2018.06.09-23.26.06:436][  0]LogTcpMessaging: Initializing TcpMessaging bridge
[2018.06.09-23.26.06:467][  0]LogUdpMessaging: Initializing bridge on interface 0.0.0.0:0 to multicast group 230.0.0.1:6666.
[2018.06.09-23.26.06:809][  0]SourceControl: Controle de origem desativado
[2018.06.09-23.26.06:810][  0]SourceControl: Controle de origem desativado
[2018.06.09-23.26.06:826][  0]SourceControl: Controle de origem desativado
[2018.06.09-23.26.06:843][  0]SourceControl: Controle de origem desativado
[2018.06.09-23.26.07:358][  0]LogAndroidPermission: UAndroidPermissionCallbackProxy::GetInstance
[2018.06.09-23.26.07:505][  0]LogOcInput: OculusInput pre-init called
[2018.06.09-23.26.07:620][  0]LogEngine: Initializing Engine...
[2018.06.09-23.26.07:744][  0]LogInstantPreview: Warning: Adb Not Detected.  Please set the ANDROID_HOME environment variable to your Android SDK directory and restart the Unreal editor.
[2018.06.09-23.26.07:744][  0]LogHMD: GoogleVR API created
[2018.06.09-23.26.07:746][  0]LogStats: UGameplayTagsManager::ConstructGameplayTagTree: Construct from data asset -  0.000 s
[2018.06.09-23.26.07:747][  0]LogStats: UGameplayTagsManager::ConstructGameplayTagTree: GameplayTagTreeChangedEvent.Broadcast -  0.000 s
[2018.06.09-23.26.08:006][  0]LogAIModule: Creating AISystem for world Untitled
[2018.06.09-23.26.08:057][  0]LogInit: XAudio2 using 'Fones de ouvido / Alto falantes (Realtek Audio)' : 2 channels at 48 kHz using 32 bits per sample (channel mask 0x3)
[2018.06.09-23.26.08:293][  0]LogInit: FAudioDevice initialized.
[2018.06.09-23.26.08:389][  0]LogDerivedDataCache: Saved boot cache 0.10s 74MB C:/Users/allan/AppData/Local/UnrealEngine/4.19/DerivedDataCache/Boot.ddc.
[2018.06.09-23.26.08:411][  0]LogInit: Texture streaming: Enabled
[2018.06.09-23.26.08:431][  0]LogEngineSessionManager: EngineSessionManager initialized
[2018.06.09-23.26.08:453][  0]LogInit: Transaction tracking system initialized
[2018.06.09-23.26.08:477][  0]BlueprintLog: New page: Carregar Editor
[2018.06.09-23.26.08:559][  0]LocalizationService: Localization service is disabled
[2018.06.09-23.26.08:661][  0]LogConsoleResponse: Display: 
[2018.06.09-23.26.08:846][  0]LogCook: Display: Max memory allowance for cook 16384mb min free memory 0mb
[2018.06.09-23.26.08:846][  0]LogCook: Display: Mobile HDR setting 0
[2018.06.09-23.26.08:846][  0]LogGameplayTags: Display: UGameplayTagsManager::DoneAddingNativeTags. DelegateIsBound: 0
[2018.06.09-23.26.08:846][  0]LogStats: UGameplayTagsManager::ConstructGameplayTagTree: Construct from data asset -  0.000 s
[2018.06.09-23.26.08:846][  0]LogStats: UGameplayTagsManager::ConstructGameplayTagTree: GameplayTagTreeChangedEvent.Broadcast -  0.000 s
[2018.06.09-23.26.09:240][  0]LogFileCache: Scanning file cache for directory 'C:/Projects/MRVPROJECTUNREAL/Content/' took 0.02s
[2018.06.09-23.26.09:240][  0]SourceControl: Controle de origem desativado
[2018.06.09-23.26.09:240][  0]Cmd: MAP LOAD FILE="../../../../../../Projects/MRVPROJECTUNREAL/Content/HallLevel.umap" TEMPLATE=0 SHOWPROGRESS=1 FEATURELEVEL=3
[2018.06.09-23.26.09:240][  0]LightingResults: New page: Compilação de Iluminação
[2018.06.09-23.26.09:244][  0]MapCheck: New page: Verificação de Mapa
[2018.06.09-23.26.09:245][  0]LightingResults: New page: Compilação de Iluminação
[2018.06.09-23.26.09:374][  0]LogUObjectGlobals: Created PersistentFrame Addr=0x000001c5073d3dd0, Size=72, Default__FirstPerson_AnimBP_C Function /Game/FirstPerson/Animations/FirstPerson_AnimBP.FirstPerson_AnimBP_C:ExecuteUbergraph_FirstPerson_AnimBP
[2018.06.09-23.26.09:388][  0]LogUObjectGlobals: Destroyed PersistentFrame Addr=0x000001c5073d3dd0, Size=72
[2018.06.09-23.26.09:388][  0]LogUObjectGlobals: Created PersistentFrame Addr=0x000001c503ccafc0, Size=72, Default__FirstPerson_AnimBP_C Function /Engine/Transient.REINST_FirstPerson_AnimBP_C_0:ExecuteUbergraph_FirstPerson_AnimBP
[2018.06.09-23.26.09:400][  0]LogUObjectGlobals: Created PersistentFrame Addr=0x000001c503c57790, Size=72, Default__FirstPerson_AnimBP_C Function /Game/FirstPerson/Animations/FirstPerson_AnimBP.FirstPerson_AnimBP_C:ExecuteUbergraph_FirstPerson_AnimBP
[2018.06.09-23.26.09:458][  0]LogUObjectGlobals: Created PersistentFrame Addr=0x000001c503c63400, Size=256, Default__FirstPersonProjectile_C Function /Game/FirstPersonBP/Blueprints/FirstPersonProjectile.FirstPersonProjectile_C:ExecuteUbergraph_FirstPersonProjectile
[2018.06.09-23.26.09:464][  0]LogUObjectGlobals: Destroyed PersistentFrame Addr=0x000001c503c63400, Size=256
[2018.06.09-23.26.09:464][  0]LogUObjectGlobals: Created PersistentFrame Addr=0x000001c503c63400, Size=256, Default__FirstPersonProjectile_C Function /Engine/Transient.REINST_FirstPersonProjectile_C_4:ExecuteUbergraph_FirstPersonProjectile
[2018.06.09-23.26.09:466][  0]LogUObjectGlobals: Created PersistentFrame Addr=0x000001c503c60d00, Size=256, Default__FirstPersonProjectile_C Function /Game/FirstPersonBP/Blueprints/FirstPersonProjectile.FirstPersonProjectile_C:ExecuteUbergraph_FirstPersonProjectile
[2018.06.09-23.26.09:880][  0]LogUObjectGlobals: Created PersistentFrame Addr=0x000001c503b78700, Size=688, Default__FirstPersonCharacter_C Function /Game/FirstPersonBP/Blueprints/FirstPersonCharacter.FirstPersonCharacter_C:ExecuteUbergraph_FirstPersonCharacter
[2018.06.09-23.26.09:893][  0]LogUObjectGlobals: Destroyed PersistentFrame Addr=0x000001c503b78700, Size=688
[2018.06.09-23.26.09:893][  0]LogUObjectGlobals: Created PersistentFrame Addr=0x000001c5038b1c00, Size=688, Default__FirstPersonCharacter_C Function /Engine/Transient.REINST_FirstPersonCharacter_C_6:ExecuteUbergraph_FirstPersonCharacter
[2018.06.09-23.26.09:902][  0]LogUObjectGlobals: Created PersistentFrame Addr=0x000001c5037e7d00, Size=688, Default__FirstPersonCharacter_C Function /Game/FirstPersonBP/Blueprints/FirstPersonCharacter.FirstPersonCharacter_C:ExecuteUbergraph_FirstPersonCharacter
[2018.06.09-23.26.10:008][  0]LogUObjectGlobals: Created PersistentFrame Addr=0x000001c507acfee8, Size=52, Default__FirstPersonHUD_C Function /Game/FirstPersonBP/Blueprints/FirstPersonHUD.FirstPersonHUD_C:ExecuteUbergraph_FirstPersonHUD
[2018.06.09-23.26.10:010][  0]LogUObjectGlobals: Destroyed PersistentFrame Addr=0x000001c507acfee8, Size=52
[2018.06.09-23.26.10:010][  0]LogUObjectGlobals: Created PersistentFrame Addr=0x000001c507acfee8, Size=52, Default__FirstPersonHUD_C Function /Engine/Transient.REINST_FirstPersonHUD_C_10:ExecuteUbergraph_FirstPersonHUD
[2018.06.09-23.26.10:013][  0]LogUObjectGlobals: Created PersistentFrame Addr=0x000001c507acf8c8, Size=52, Default__FirstPersonHUD_C Function /Game/FirstPersonBP/Blueprints/FirstPersonHUD.FirstPersonHUD_C:ExecuteUbergraph_FirstPersonHUD
[2018.06.09-23.26.10:298][  0]LogSkeletalMesh: Skeletal Mesh found in DDC [6.938612ms] /Game/FirstPerson/FPWeapon/Mesh/SK_FPGun.SK_FPGun
[2018.06.09-23.26.10:319][  0]LogSkeletalMesh: Skeletal Mesh found in DDC [10.109070ms] /Game/FirstPerson/Character/Mesh/SK_Mannequin_Arms.SK_Mannequin_Arms
[2018.06.09-23.26.10:439][  0]LogAIModule: Creating AISystem for world HallLevel
[2018.06.09-23.26.10:462][  0]LogEditorServer: Finished looking for orphan Actors (0.000 secs)
[2018.06.09-23.26.10:477][  0]LogUObjectGlobals: Destroyed PersistentFrame Addr=0x000001c503ccafc0, Size=72
[2018.06.09-23.26.10:477][  0]LogUObjectGlobals: Destroyed PersistentFrame Addr=0x000001c503c63400, Size=256
[2018.06.09-23.26.10:477][  0]LogUObjectGlobals: Destroyed PersistentFrame Addr=0x000001c5038b1c00, Size=688
[2018.06.09-23.26.10:477][  0]LogUObjectGlobals: Destroyed PersistentFrame Addr=0x000001c507acfee8, Size=52
[2018.06.09-23.26.10:478][  0]Cmd: MAP CHECKDEP NOCLEARLOG
[2018.06.09-23.26.10:547][  0]MapCheck: Map check complete: 0 Error(s), 0 Warning(s), took 70,109ms to complete.
[2018.06.09-23.26.10:548][  0]LogFileHelpers: Loading map 'HallLevel' took 1.308
[2018.06.09-23.26.10:750][  0]LogCollectionManager: Loaded 0 collections in 0.001651 seconds
[2018.06.09-23.26.10:820][  0]LogFileCache: Scanning file cache for directory 'C:/Projects/MRVPROJECTUNREAL/Saved/Collections/' took 0.01s
[2018.06.09-23.26.10:820][  0]LogFileCache: Scanning file cache for directory 'C:/Projects/MRVPROJECTUNREAL/Content/Developers/allan/Collections/' took 0.01s
[2018.06.09-23.26.10:820][  0]LogFileCache: Scanning file cache for directory 'C:/Projects/MRVPROJECTUNREAL/Content/Collections/' took 0.01s
[2018.06.09-23.26.10:820][  0]LogCollectionManager: Rebuilt the GUID cache for 0 collections in 0.000000 seconds
[2018.06.09-23.26.10:833][  0]LogContentBrowser: Native class hierarchy populated in 0.0107 seconds. Added 2453 classes and 561 folders.
[2018.06.09-23.26.10:845][  0]LogContentBrowser: Native class hierarchy updated for 'WidgetCarousel' in 0.0002 seconds. Added 0 classes and 0 folders.
[2018.06.09-23.26.11:405][  0]LogContentBrowser: Native class hierarchy updated for 'AddContentDialog' in 0.0003 seconds. Added 0 classes and 0 folders.
[2018.06.09-23.26.11:419][  0]LogContentBrowser: Native class hierarchy updated for 'SceneOutliner' in 0.0002 seconds. Added 1 classes and 2 folders.
[2018.06.09-23.26.11:491][  0]LogSlate: Took 0.000216 seconds to synchronously load lazily loaded font '../../../Engine/Content/Slate/Fonts/Roboto-Regular.ttf' (155K)
[2018.06.09-23.26.11:493][  0]LogSlate: Took 0.000310 seconds to synchronously load lazily loaded font '../../../Engine/Content/Slate/Fonts/Roboto-Bold.ttf' (160K)
[2018.06.09-23.26.11:516][  0]LogSlate: Took 0.009827 seconds to synchronously load lazily loaded font '../../../Engine/Content/Editor/Slate/Fonts/FontAwesome.ttf' (139K)
[2018.06.09-23.26.11:709][  0]LogRenderer: Reallocating scene render targets to support 964x460 Format 10 NumSamples 1 (Frame:1).
[2018.06.09-23.26.11:792][  0]LogSlate: Took 0.006670 seconds to synchronously load lazily loaded font '../../../Engine/Content/Slate/Fonts/Roboto-Light.ttf' (167K)
[2018.06.09-23.26.11:934][  0]LogSlate: FSceneViewport::OnFocusLost() reason 2
[2018.06.09-23.26.11:992][  0]LogSlate: Window 'Tutoriais' being destroyed
[2018.06.09-23.26.12:030][  0]LogContentBrowser: Native class hierarchy updated for 'HierarchicalLODOutliner' in 0.0005 seconds. Added 0 classes and 0 folders.
[2018.06.09-23.26.12:031][  0]LogLoad: (Engine Initialization) Total time: 13.82 seconds
[2018.06.09-23.26.12:031][  0]LogLoad: (Engine Initialization) Total Blueprint compile time: 0.00 seconds
[2018.06.09-23.26.12:049][  0]LogWindowsTextInputMethodSystem: Display: IME system now deactivated.
[2018.06.09-23.26.12:069][  0]LogContentStreaming: Texture pool size now 1000 MB
[2018.06.09-23.26.12:150][  1]LogAssetRegistry: Asset discovery search completed in 8.6537 seconds
[2018.06.09-23.26.12:152][  1]LogCollectionManager: Rebuilt the object cache for 0 collections in 0.000000 seconds (found 0 objects)
[2018.06.09-23.26.12:152][  1]LogCollectionManager: Fixed up redirectors for 0 collections in 0.000053 seconds (updated 0 objects)
[2018.06.09-23.26.15:909][213]LogSlate: FSceneViewport::OnFocusLost() reason 0
[2018.06.09-23.26.16:125][226]LogTemp: Repeating last play command: Selected Viewport
[2018.06.09-23.26.16:142][226]LogBlueprintUserMessages: Early PlayInEditor Detection: Level '/Game/HallLevel.HallLevel:PersistentLevel' has LevelScriptBlueprint '/Game/HallLevel.HallLevel:PersistentLevel.HallLevel' with GeneratedClass '/Game/HallLevel.HallLevel_C' with ClassGeneratedBy '/Game/HallLevel.HallLevel:PersistentLevel.HallLevel'
[2018.06.09-23.26.16:142][226]LogPlayLevel: PlayLevel: No blueprints needed recompiling
[2018.06.09-23.26.16:143][226]PIE: New page: Sessão de PIE : HallLevel (09/06/2018 17:26:16)
[2018.06.09-23.26.16:144][226]LogPlayLevel: Creating play world package: /Game/UEDPIE_0_HallLevel
[2018.06.09-23.26.16:179][226]LogPlayLevel: PIE: StaticDuplicateObject took: (0.036789s)
[2018.06.09-23.26.16:181][226]LogAIModule: Creating AISystem for world HallLevel
[2018.06.09-23.26.16:182][226]LogPlayLevel: PIE: World Init took: (0.001876s)
[2018.06.09-23.26.16:182][226]LogPlayLevel: PIE: Created PIE world by copying editor world from /Game/HallLevel.HallLevel to /Game/UEDPIE_0_HallLevel.HallLevel (0.039026s)
[2018.06.09-23.26.16:200][226]LogInit: XAudio2 using 'Fones de ouvido / Alto falantes (Realtek Audio)' : 2 channels at 48 kHz using 32 bits per sample (channel mask 0x3)
[2018.06.09-23.26.16:279][226]LogInit: FAudioDevice initialized.
[2018.06.09-23.26.16:355][226]LogLoad: Game class is 'FirstPersonGameMode_C'
[2018.06.09-23.26.16:360][226]LogWorld: Bringing World /Game/UEDPIE_0_HallLevel.HallLevel up for play (max tick rate 60) at 2018.06.09-20.26.16
[2018.06.09-23.26.16:361][226]LogWorld: Bringing up level for play took: 0.003538
[2018.06.09-23.26.16:370][226]LogContentBrowser: Native class hierarchy updated for 'MovieSceneCapture' in 0.0004 seconds. Added 11 classes and 0 folders.
[2018.06.09-23.26.16:371][226]PIE: Momento de início de reprodução no editor para /Game/UEDPIE_0_HallLevel -0,198
[2018.06.09-23.26.16:371][226]LogBlueprintUserMessages: Late PlayInEditor Detection: Level '/Game/HallLevel.HallLevel:PersistentLevel' has LevelScriptBlueprint '/Game/HallLevel.HallLevel:PersistentLevel.HallLevel' with GeneratedClass '/Game/HallLevel.HallLevel_C' with ClassGeneratedBy '/Game/HallLevel.HallLevel:PersistentLevel.HallLevel'
[2018.06.09-23.26.30:599][ 76]LogBlueprintUserMessages: Early EndPlayMap Detection: Level '/Game/HallLevel.HallLevel:PersistentLevel' has LevelScriptBlueprint '/Game/HallLevel.HallLevel:PersistentLevel.HallLevel' with GeneratedClass '/Game/HallLevel.HallLevel_C' with ClassGeneratedBy '/Game/HallLevel.HallLevel:PersistentLevel.HallLevel'
[2018.06.09-23.26.30:633][ 76]LogBlueprintUserMessages: Late EndPlayMap Detection: Level '/Game/HallLevel.HallLevel:PersistentLevel' has LevelScriptBlueprint '/Game/HallLevel.HallLevel:PersistentLevel.HallLevel' with GeneratedClass '/Game/HallLevel.HallLevel_C' with ClassGeneratedBy '/Game/HallLevel.HallLevel:PersistentLevel.HallLevel'
[2018.06.09-23.27.25:240][784]LogEditorViewport: Clicking on Actor (LMB): StaticMeshActor (EditorCube11)
[2018.06.09-23.27.28:357][958]LogTemp: Repeating last play command: Selected Viewport
[2018.06.09-23.27.28:380][958]LogBlueprintUserMessages: Early PlayInEditor Detection: Level '/Game/HallLevel.HallLevel:PersistentLevel' has LevelScriptBlueprint '/Game/HallLevel.HallLevel:PersistentLevel.HallLevel' with GeneratedClass '/Game/HallLevel.HallLevel_C' with ClassGeneratedBy '/Game/HallLevel.HallLevel:PersistentLevel.HallLevel'
[2018.06.09-23.27.28:380][958]LogPlayLevel: PlayLevel: No blueprints needed recompiling
[2018.06.09-23.27.28:380][958]PIE: New page: Sessão de PIE : HallLevel (09/06/2018 17:27:28)
[2018.06.09-23.27.28:380][958]LogPlayLevel: Creating play world package: /Game/UEDPIE_0_HallLevel
[2018.06.09-23.27.28:402][958]LogPlayLevel: PIE: StaticDuplicateObject took: (0.021924s)
[2018.06.09-23.27.28:404][958]LogAIModule: Creating AISystem for world HallLevel
[2018.06.09-23.27.28:404][958]LogPlayLevel: PIE: World Init took: (0.001536s)
[2018.06.09-23.27.28:404][958]LogPlayLevel: PIE: Created PIE world by copying editor world from /Game/HallLevel.HallLevel to /Game/UEDPIE_0_HallLevel.HallLevel (0.023750s)
[2018.06.09-23.27.28:425][958]LogInit: XAudio2 using 'Fones de ouvido / Alto falantes (Realtek Audio)' : 2 channels at 48 kHz using 32 bits per sample (channel mask 0x3)
[2018.06.09-23.27.28:502][958]LogInit: FAudioDevice initialized.
[2018.06.09-23.27.28:503][958]LogSlate: FSceneViewport::OnFocusLost() reason 2
[2018.06.09-23.27.28:538][958]LogLoad: Game class is 'FirstPersonGameMode_C'
[2018.06.09-23.27.28:541][958]LogWorld: Bringing World /Game/UEDPIE_0_HallLevel.HallLevel up for play (max tick rate 60) at 2018.06.09-20.27.28
[2018.06.09-23.27.28:541][958]LogWorld: Bringing up level for play took: 0.001986
[2018.06.09-23.27.28:542][958]PIE: Momento de início de reprodução no editor para /Game/UEDPIE_0_HallLevel -0,027
[2018.06.09-23.27.28:543][958]LogBlueprintUserMessages: Late PlayInEditor Detection: Level '/Game/HallLevel.HallLevel:PersistentLevel' has LevelScriptBlueprint '/Game/HallLevel.HallLevel:PersistentLevel.HallLevel' with GeneratedClass '/Game/HallLevel.HallLevel_C' with ClassGeneratedBy '/Game/HallLevel.HallLevel:PersistentLevel.HallLevel'
[2018.06.09-23.27.35:453][371]LogBlueprintUserMessages: Early EndPlayMap Detection: Level '/Game/HallLevel.HallLevel:PersistentLevel' has LevelScriptBlueprint '/Game/HallLevel.HallLevel:PersistentLevel.HallLevel' with GeneratedClass '/Game/HallLevel.HallLevel_C' with ClassGeneratedBy '/Game/HallLevel.HallLevel:PersistentLevel.HallLevel'
[2018.06.09-23.27.35:490][371]LogBlueprintUserMessages: Late EndPlayMap Detection: Level '/Game/HallLevel.HallLevel:PersistentLevel' has LevelScriptBlueprint '/Game/HallLevel.HallLevel:PersistentLevel.HallLevel' with GeneratedClass '/Game/HallLevel.HallLevel_C' with ClassGeneratedBy '/Game/HallLevel.HallLevel:PersistentLevel.HallLevel'
[2018.06.09-23.27.36:819][448]LogSlate: FSceneViewport::OnFocusLost() reason 2
[2018.06.09-23.27.42:406][781]MapCheck: New page: Verificação de Mapa
[2018.06.09-23.27.42:433][781]Cmd: MAP REBUILD ALLVISIBLE
[2018.06.09-23.27.42:433][781]LogEditorServer: Rebuildmap Clear paths rebuilt
[2018.06.09-23.27.42:494][781]LogMaterial: Missing cached shader map for material FDebugViewModeMaterialProxy WorldGridMaterial, compiling. Is special engine material.
[2018.06.09-23.27.42:506][781]LogShaderCompilers: Display: Shaders left to compile 1
[2018.06.09-23.27.42:506][781]LogMaterial: Missing cached shader map for material FDebugViewModeMaterialProxy AntiAliasedTextMaterialTranslucent, compiling. 
[2018.06.09-23.27.42:514][781]LogMaterial: Missing cached shader map for material FDebugViewModeMaterialProxy MaterialInstanceDynamic_1, compiling. 
[2018.06.09-23.27.42:521][781]LogMaterial: Missing cached shader map for material FDebugViewModeMaterialProxy CubeMaterialOverride, compiling. 
[2018.06.09-23.27.42:526][781]LogMaterial: Missing cached shader map for material FDebugViewModeMaterialProxy CubeMaterial, compiling. 
[2018.06.09-23.27.42:533][781]LogMaterial: Missing cached shader map for material FDebugViewModeMaterialProxy MatineeCam_mat, compiling. 
[2018.06.09-23.27.42:539][781]LogMaterial: Missing cached shader map for material FDebugViewModeMaterialProxy M_FPGun, compiling. 
[2018.06.09-23.27.42:548][781]LogMaterial: Missing cached shader map for material FDebugViewModeMaterialProxy M_UE4Man_Body, compiling. 
[2018.06.09-23.27.43:920][781]LogShaderCompilers: Display: Shaders left to compile 7
[2018.06.09-23.27.43:920][781]LogShaderCompilers: Display: Shaders left to compile 6
[2018.06.09-23.27.43:920][781]LogShaderCompilers: Display: Shaders left to compile 5
[2018.06.09-23.27.43:920][781]LogShaderCompilers: Display: Shaders left to compile 4
[2018.06.09-23.27.43:920][781]LogShaderCompilers: Display: Shaders left to compile 3
[2018.06.09-23.27.43:920][781]LogShaderCompilers: Display: Shaders left to compile 2
[2018.06.09-23.27.43:920][781]LogShaderCompilers: Display: Shaders left to compile 1
[2018.06.09-23.27.43:920][781]TextureStreamingBuild: Display: Compiling optional shaders took 1.432 seconds.
[2018.06.09-23.27.43:958][781]LogLevel: Display: Export Material TexCoord Scales took 0.039 seconds.
[2018.06.09-23.27.43:973][781]TextureStreamingBuild: Display: Build Texture Streaming took 0.013 seconds.
[2018.06.09-23.27.43:985][781]LightingResults: New page: Compilação de Iluminação - 09/06/2018 17:27:43
[2018.06.09-23.27.44:087][781]LogSwarmInterface: [OpenConnection] Registering TCP channel ...
[2018.06.09-23.27.44:228][781]LogSwarmInterface: [OpenConnection] Connecting to agent ...
[2018.06.09-23.27.44:245][781]LogSwarmInterface: [TryOpenConnection] Testing the Agent
[2018.06.09-23.27.45:272][781]LogSwarmInterface: [TryOpenConnection] Opening Connection to Agent
[2018.06.09-23.27.45:272][781]LogSwarmInterface: [TryOpenConnection] Local Process ID is 19408
[2018.06.09-23.27.47:869][781]LogStaticLightingSystem: Running Lightmass w/ ImmediateImport mode ENABLED
[2018.06.09-23.27.47:869][781]LogStaticLightingSystem: Running Lightmass w/ ImmediateProcess mode ENABLED
[2018.06.09-23.27.47:869][781]LogStaticLightingSystem: Running Lightmass w/ Sorting mode ENABLED
[2018.06.09-23.27.47:869][781]LogStaticLightingSystem: Running Lightmass w/ Mapping paddings ENABLED
[2018.06.09-23.27.47:869][781]LogStaticLightingSystem: Running Lightmass w/ Mapping debug paddings DISABLED
[2018.06.09-23.27.48:136][781]Cmd: MAP CHECK DONTDISPLAYDIALOG
[2018.06.09-23.27.48:136][781]MapCheck: New page: HallLevel - 09/06/2018 17:27:48
[2018.06.09-23.27.48:215][781]MapCheck: Map check complete: 0 Error(s), 0 Warning(s), took 78,819ms to complete.
[2018.06.09-23.27.48:239][781]LogEditorBuildUtils: Build time 0:05
[2018.06.09-23.27.48:253][781]LogMaterial: Missing cached shader map for material FLightmassMaterialRenderer MaterialInstanceDynamic_1, compiling. 
[2018.06.09-23.27.48:260][781]LogMaterial: Missing cached shader map for material FLightmassMaterialRenderer MaterialInstanceDynamic_1, compiling. 
[2018.06.09-23.27.48:280][782]LogShaderCompilers: Display: Shaders left to compile 2
[2018.06.09-23.27.48:280][782]LogShaderCompilers: Display: Shaders left to compile 2
[2018.06.09-23.27.48:301][782]LogMaterial: Missing cached shader map for material FLightmassMaterialRenderer CubeMaterial, compiling. 
[2018.06.09-23.27.48:310][782]LogShaderCompilers: Display: Shaders left to compile 2
[2018.06.09-23.27.48:310][782]LogMaterial: Missing cached shader map for material FLightmassMaterialRenderer CubeMaterial, compiling. 
[2018.06.09-23.27.48:329][782]LogShaderCompilers: Display: Shaders left to compile 2
[2018.06.09-23.27.48:379][783]LogMaterial: Missing cached shader map for material FLightmassMaterialRenderer WorldGridMaterial, compiling. Is special engine material.
[2018.06.09-23.27.48:390][783]LogMaterial: Missing cached shader map for material FLightmassMaterialRenderer WorldGridMaterial, compiling. Is special engine material.
[2018.06.09-23.27.49:783][784]LogShaderCompilers: Display: Shaders left to compile 4
[2018.06.09-23.27.53:452][844]LogStaticLightingSystem: Warning: Failed to build lighting!!! Compilação da iluminação cancelada.
[2018.06.09-23.27.53:885][844]Job has failed! Job is closed while Tasks are still PENDING
[2018.06.09-23.27.53:886][844]DumpUnbuiltLightIteractions
[2018.06.09-23.27.53:886][844]Lights with unbuilt interactions: 0
[2018.06.09-23.27.53:886][844]
[2018.06.09-23.27.53:886][844]Primitives with unbuilt interactions: 0
[2018.06.09-23.27.53:891][844]LogSlate: Took 0.000205 seconds to synchronously load lazily loaded font '../../../Engine/Content/Slate/Fonts/Roboto-Light.ttf' (167K)
[2018.06.09-23.27.53:996][845]Cmd: MAP CHECK NOTIFYRESULTS
[2018.06.09-23.27.53:996][845]MapCheck: New page: HallLevel - 09/06/2018 17:27:53
[2018.06.09-23.27.54:075][845]MapCheck: Map check complete: 0 Error(s), 0 Warning(s), took 78,988ms to complete.
[2018.06.09-23.27.59:641][177]LogEditorViewport: Clicking on Actor (LMB): StaticMeshActor (Floor)
[2018.06.09-23.28.47:348][989]LogSlate: FSceneViewport::OnFocusLost() reason 0
[2018.06.09-23.28.50:076][137]LogTexture: Display: Building textures: SkyOcclusion0_2 (AutoDXT, 512X256)
[2018.06.09-23.28.50:076][137]LogTexture: Display: Building textures: SkyOcclusion0_1 (AutoDXT, 1024X512)
[2018.06.09-23.28.50:076][137]LogTexture: Display: Building textures: LQ_Lightmap_0_2 (DXT1, 512X512)
[2018.06.09-23.28.50:076][137]LogTexture: Display: Building textures: HQ_Lightmap0_2 (AutoDXT, 512X512)
[2018.06.09-23.28.50:076][137]LogTexture: Display: Building textures: LQ_Lightmap_0_1 (DXT1, 1024X1024)
[2018.06.09-23.28.50:076][137]LogTexture: Display: Building textures: HQ_Lightmap0_1 (AutoDXT, 1024X1024)
[2018.06.09-23.28.50:380][137]LogTexture: Display: Building textures: ShadowMapTexture2D_0 (BGRA8, 512X512)
[2018.06.09-23.28.50:381][137]LogTexture: Display: Building textures: ShadowMapTexture2D_1 (BGRA8, 1024X128)
[2018.06.09-23.28.50:390][137]LogAIModule: Creating AISystem for world DavidLevel
[2018.06.09-23.28.59:698][137]LogSlate: Window 'Salvar Conteúdo' being destroyed
[2018.06.09-23.28.59:703][137]Cmd: MAP LOAD FILE="../../../../../../Projects/MRVPROJECTUNREAL/Content/DavidLevel.umap" TEMPLATE=0 SHOWPROGRESS=1 FEATURELEVEL=3
[2018.06.09-23.28.59:706][137]LightingResults: New page: Compilação de Iluminação
[2018.06.09-23.28.59:709][137]LoadErrors: New page: Carregando mapa: DavidLevel.umap
[2018.06.09-23.28.59:712][137]MapCheck: New page: Verificação de Mapa
[2018.06.09-23.28.59:713][137]LightingResults: New page: Compilação de Iluminação
[2018.06.09-23.28.59:734][137]LogEditorServer: Finished looking for orphan Actors (0.000 secs)
[2018.06.09-23.28.59:782][137]Cmd: MAP CHECKDEP NOCLEARLOG
[2018.06.09-23.28.59:859][137]MapCheck: Map check complete: 0 Error(s), 0 Warning(s), took 76,932ms to complete.
[2018.06.09-23.28.59:859][137]LogFileHelpers: Loading map 'DavidLevel' took 0.158
[2018.06.09-23.29.31:579][ 30]LogSlate: FSceneViewport::OnFocusLost() reason 0
[2018.06.09-23.29.31:795][ 40]LogLinker: Warning: Não é possível encontrar o arquivo “/Game/Textures/T_CobbleStone_Pebble_Mat”
[2018.06.09-23.29.31:796][ 40]LogLinker: Warning: Não é possível encontrar o arquivo do ativo “../../../../../../Projects/MRVPROJECTUNREAL/Content/HugoLevel.umap” ao carregar /Game/Textures/T_CobbleStone_Pebble_Mat.
[2018.06.09-23.29.31:796][ 40]LoadErrors: Error: /Game/HugoLevel : Não é possível encontrar o arquivo do ativo. /Game/Textures/T_CobbleStone_Pebble_Mat
[2018.06.09-23.29.31:796][ 40]LogLinker: Warning: Não é possível encontrar o arquivo “/Game/Textures/T_Concrete_Grime_Mat”
[2018.06.09-23.29.31:796][ 40]LogLinker: Warning: Não é possível encontrar o arquivo do ativo “../../../../../../Projects/MRVPROJECTUNREAL/Content/HugoLevel.umap” ao carregar /Game/Textures/T_Concrete_Grime_Mat.
[2018.06.09-23.29.31:796][ 40]LoadErrors: Error: /Game/HugoLevel : Não é possível encontrar o arquivo do ativo. /Game/Textures/T_Concrete_Grime_Mat
[2018.06.09-23.29.31:796][ 40]LogLinker: Warning: Não é possível encontrar o arquivo “/Game/Textures/T_Fire_Tiled_Mat”
[2018.06.09-23.29.31:796][ 40]LogLinker: Warning: Não é possível encontrar o arquivo do ativo “../../../../../../Projects/MRVPROJECTUNREAL/Content/HugoLevel.umap” ao carregar /Game/Textures/T_Fire_Tiled_Mat.
[2018.06.09-23.29.31:796][ 40]LoadErrors: Error: /Game/HugoLevel : Não é possível encontrar o arquivo do ativo. /Game/Textures/T_Fire_Tiled_Mat
[2018.06.09-23.29.31:796][ 40]LogLinker: Warning: Não é possível encontrar o arquivo “/Game/Textures/T_Metal_Rust_Mat”
[2018.06.09-23.29.31:796][ 40]LogLinker: Warning: Não é possível encontrar o arquivo do ativo “../../../../../../Projects/MRVPROJECTUNREAL/Content/HugoLevel.umap” ao carregar /Game/Textures/T_Metal_Rust_Mat.
[2018.06.09-23.29.31:797][ 40]LoadErrors: Error: /Game/HugoLevel : Não é possível encontrar o arquivo do ativo. /Game/Textures/T_Metal_Rust_Mat
[2018.06.09-23.29.31:797][ 40]LogLinker: Warning: Não é possível encontrar o arquivo “/Game/Textures/T_Rock_Smooth_Granite_Mat”
[2018.06.09-23.29.31:797][ 40]LogLinker: Warning: Não é possível encontrar o arquivo do ativo “../../../../../../Projects/MRVPROJECTUNREAL/Content/HugoLevel.umap” ao carregar /Game/Textures/T_Rock_Smooth_Granite_Mat.
[2018.06.09-23.29.31:797][ 40]LoadErrors: Error: /Game/HugoLevel : Não é possível encontrar o arquivo do ativo. /Game/Textures/T_Rock_Smooth_Granite_Mat
[2018.06.09-23.29.31:798][ 40]LogLinker: Warning: Não é possível encontrar o arquivo “/Game/Textures/T_CobbleStone_Pebble_Mat”
[2018.06.09-23.29.31:799][ 40]LogLinker: Warning: Não é possível encontrar o arquivo do ativo “../../../../../../Projects/MRVPROJECTUNREAL/Content/HugoLevel.umap” ao carregar /Game/Textures/T_CobbleStone_Pebble_Mat.
[2018.06.09-23.29.31:799][ 40]LogLinker: Warning: Não é possível encontrar o arquivo “/Game/Textures/T_Concrete_Grime_Mat”
[2018.06.09-23.29.31:799][ 40]LogLinker: Warning: Não é possível encontrar o arquivo do ativo “../../../../../../Projects/MRVPROJECTUNREAL/Content/HugoLevel.umap” ao carregar /Game/Textures/T_Concrete_Grime_Mat.
[2018.06.09-23.29.31:799][ 40]LogLinker: Warning: Não é possível encontrar o arquivo “/Game/Textures/T_Fire_Tiled_Mat”
[2018.06.09-23.29.31:799][ 40]LogLinker: Warning: Não é possível encontrar o arquivo do ativo “../../../../../../Projects/MRVPROJECTUNREAL/Content/HugoLevel.umap” ao carregar /Game/Textures/T_Fire_Tiled_Mat.
[2018.06.09-23.29.31:799][ 40]LogLinker: Warning: Não é possível encontrar o arquivo “/Game/Textures/T_Metal_Rust_Mat”
[2018.06.09-23.29.31:799][ 40]LogLinker: Warning: Não é possível encontrar o arquivo do ativo “../../../../../../Projects/MRVPROJECTUNREAL/Content/HugoLevel.umap” ao carregar /Game/Textures/T_Metal_Rust_Mat.
[2018.06.09-23.29.31:799][ 40]LogLinker: Warning: Não é possível encontrar o arquivo “/Game/Textures/T_Rock_Smooth_Granite_Mat”
[2018.06.09-23.29.31:799][ 40]LogLinker: Warning: Não é possível encontrar o arquivo do ativo “../../../../../../Projects/MRVPROJECTUNREAL/Content/HugoLevel.umap” ao carregar /Game/Textures/T_Rock_Smooth_Granite_Mat.
[2018.06.09-23.29.31:818][ 40]LogTexture: Display: Building textures: HQ_Lightmap1_3 (AutoDXT, 64X64)
[2018.06.09-23.29.31:819][ 40]LogTexture: Display: Building textures: LQ_Lightmap_1_3 (DXT1, 64X64)
[2018.06.09-23.29.31:819][ 40]LogTexture: Display: Building textures: HQ_Lightmap1_2 (AutoDXT, 256X256)
[2018.06.09-23.29.31:819][ 40]LogTexture: Display: Building textures: LQ_Lightmap_1_2 (DXT1, 256X256)
[2018.06.09-23.29.31:819][ 40]LogTexture: Display: Building textures: HQ_Lightmap1_1 (AutoDXT, 512X512)
[2018.06.09-23.29.31:819][ 40]LogTexture: Display: Building textures: LQ_Lightmap_1_1 (DXT1, 512X512)
[2018.06.09-23.29.31:819][ 40]LogLinker: Warning: Não é possível encontrar o arquivo “/Game/Textures/T_Metal_Rust_Mat”
[2018.06.09-23.29.31:819][ 40]LoadErrors: Falha ao carregar /Game/Textures/T_Metal_Rust_Mat.T_Metal_Rust_Mat Referenciado por Model_3
[2018.06.09-23.29.31:819][ 40]LogLinker: Warning: Não é possível encontrar o arquivo do ativo “NULL” ao carregar /Game/Textures/T_Metal_Rust_Mat.
[2018.06.09-23.29.31:819][ 40]LogLinker: Warning: Não é possível encontrar o arquivo “/Game/Textures/T_Metal_Rust_Mat”
[2018.06.09-23.29.31:819][ 40]LogLinker: Warning: Não é possível encontrar o arquivo do ativo “NULL” ao carregar /Game/Textures/T_Metal_Rust_Mat.
[2018.06.09-23.29.31:819][ 40]LogLinker: Warning: Não é possível encontrar o arquivo “/Game/Textures/T_Metal_Rust_Mat”
[2018.06.09-23.29.31:820][ 40]LogLinker: Warning: Não é possível encontrar o arquivo do ativo “NULL” ao carregar /Game/Textures/T_Metal_Rust_Mat.
[2018.06.09-23.29.31:820][ 40]LogLinker: Warning: Não é possível encontrar o arquivo “/Game/Textures/T_Metal_Rust_Mat”
[2018.06.09-23.29.31:820][ 40]LogLinker: Warning: Não é possível encontrar o arquivo do ativo “NULL” ao carregar /Game/Textures/T_Metal_Rust_Mat.
[2018.06.09-23.29.31:820][ 40]LogLinker: Warning: Não é possível encontrar o arquivo “/Game/Textures/T_Metal_Rust_Mat”
[2018.06.09-23.29.31:820][ 40]LogLinker: Warning: Não é possível encontrar o arquivo do ativo “NULL” ao carregar /Game/Textures/T_Metal_Rust_Mat.
[2018.06.09-23.29.31:820][ 40]LogLinker: Warning: Não é possível encontrar o arquivo “/Game/Textures/T_Metal_Rust_Mat”
[2018.06.09-23.29.31:820][ 40]LogLinker: Warning: Não é possível encontrar o arquivo do ativo “NULL” ao carregar /Game/Textures/T_Metal_Rust_Mat.
[2018.06.09-23.29.31:821][ 40]LogLinker: Warning: Não é possível encontrar o arquivo “/Game/Textures/T_Metal_Rust_Mat”
[2018.06.09-23.29.31:821][ 40]LogLinker: Warning: Não é possível encontrar o arquivo do ativo “NULL” ao carregar /Game/Textures/T_Metal_Rust_Mat.
[2018.06.09-23.29.31:821][ 40]LogLinker: Warning: Não é possível encontrar o arquivo “/Game/Textures/T_Metal_Rust_Mat”
[2018.06.09-23.29.31:821][ 40]LogLinker: Warning: Não é possível encontrar o arquivo do ativo “NULL” ao carregar /Game/Textures/T_Metal_Rust_Mat.
[2018.06.09-23.29.31:821][ 40]LogLinker: Warning: Não é possível encontrar o arquivo “/Game/Textures/T_Metal_Rust_Mat”
[2018.06.09-23.29.31:821][ 40]LogLinker: Warning: Não é possível encontrar o arquivo do ativo “NULL” ao carregar /Game/Textures/T_Metal_Rust_Mat.
[2018.06.09-23.29.31:822][ 40]LogLinker: Warning: Não é possível encontrar o arquivo “/Game/Textures/T_Metal_Rust_Mat”
[2018.06.09-23.29.31:822][ 40]LogLinker: Warning: Não é possível encontrar o arquivo do ativo “NULL” ao carregar /Game/Textures/T_Metal_Rust_Mat.
[2018.06.09-23.29.31:822][ 40]LogLinker: Warning: Não é possível encontrar o arquivo “/Game/Textures/T_Metal_Rust_Mat”
[2018.06.09-23.29.31:822][ 40]LoadErrors: Falha ao carregar /Game/Textures/T_Metal_Rust_Mat.T_Metal_Rust_Mat Referenciado por ModelComponent_27
[2018.06.09-23.29.31:822][ 40]LogLinker: Warning: Não é possível encontrar o arquivo do ativo “NULL” ao carregar /Game/Textures/T_Metal_Rust_Mat.
[2018.06.09-23.29.31:822][ 40]LogLinker: Warning: Não é possível encontrar o arquivo “/Game/Textures/T_Metal_Rust_Mat”
[2018.06.09-23.29.31:822][ 40]LoadErrors: Falha ao carregar /Game/Textures/T_Metal_Rust_Mat.T_Metal_Rust_Mat Referenciado por ModelComponent_28
[2018.06.09-23.29.31:822][ 40]LogLinker: Warning: Não é possível encontrar o arquivo do ativo “NULL” ao carregar /Game/Textures/T_Metal_Rust_Mat.
[2018.06.09-23.29.31:823][ 40]LogLinker: Warning: Não é possível encontrar o arquivo “/Game/Textures/T_Metal_Rust_Mat”
[2018.06.09-23.29.31:823][ 40]LoadErrors: Falha ao carregar /Game/Textures/T_Metal_Rust_Mat.T_Metal_Rust_Mat Referenciado por ModelComponent_29
[2018.06.09-23.29.31:823][ 40]LogLinker: Warning: Não é possível encontrar o arquivo do ativo “NULL” ao carregar /Game/Textures/T_Metal_Rust_Mat.
[2018.06.09-23.29.31:823][ 40]LogLinker: Warning: Não é possível encontrar o arquivo “/Game/Textures/T_Metal_Rust_Mat”
[2018.06.09-23.29.31:823][ 40]LoadErrors: Falha ao carregar /Game/Textures/T_Metal_Rust_Mat.T_Metal_Rust_Mat Referenciado por Polys_12
[2018.06.09-23.29.31:823][ 40]LogLinker: Warning: Não é possível encontrar o arquivo do ativo “NULL” ao carregar /Game/Textures/T_Metal_Rust_Mat.
[2018.06.09-23.29.31:824][ 40]LogLinker: Warning: Não é possível encontrar o arquivo “/Game/Textures/T_Metal_Rust_Mat”
[2018.06.09-23.29.31:824][ 40]LogLinker: Warning: Não é possível encontrar o arquivo do ativo “NULL” ao carregar /Game/Textures/T_Metal_Rust_Mat.
[2018.06.09-23.29.31:824][ 40]LogLinker: Warning: Não é possível encontrar o arquivo “/Game/Textures/T_Metal_Rust_Mat”
[2018.06.09-23.29.31:824][ 40]LogLinker: Warning: Não é possível encontrar o arquivo do ativo “NULL” ao carregar /Game/Textures/T_Metal_Rust_Mat.
[2018.06.09-23.29.31:824][ 40]LogLinker: Warning: Não é possível encontrar o arquivo “/Game/Textures/T_Metal_Rust_Mat”
[2018.06.09-23.29.31:824][ 40]LogLinker: Warning: Não é possível encontrar o arquivo do ativo “NULL” ao carregar /Game/Textures/T_Metal_Rust_Mat.
[2018.06.09-23.29.31:825][ 40]LogLinker: Warning: Não é possível encontrar o arquivo “/Game/Textures/T_Metal_Rust_Mat”
[2018.06.09-23.29.31:825][ 40]LogLinker: Warning: Não é possível encontrar o arquivo do ativo “NULL” ao carregar /Game/Textures/T_Metal_Rust_Mat.
[2018.06.09-23.29.31:825][ 40]LogLinker: Warning: Não é possível encontrar o arquivo “/Game/Textures/T_Metal_Rust_Mat”
[2018.06.09-23.29.31:825][ 40]LogLinker: Warning: Não é possível encontrar o arquivo do ativo “NULL” ao carregar /Game/Textures/T_Metal_Rust_Mat.
[2018.06.09-23.29.31:825][ 40]LogLinker: Warning: Não é possível encontrar o arquivo “/Game/Textures/T_Metal_Rust_Mat”
[2018.06.09-23.29.31:825][ 40]LogLinker: Warning: Não é possível encontrar o arquivo do ativo “NULL” ao carregar /Game/Textures/T_Metal_Rust_Mat.
[2018.06.09-23.29.31:826][ 40]LogLinker: Warning: Não é possível encontrar o arquivo “/Game/Textures/T_Metal_Rust_Mat”
[2018.06.09-23.29.31:826][ 40]LogLinker: Warning: Não é possível encontrar o arquivo do ativo “NULL” ao carregar /Game/Textures/T_Metal_Rust_Mat.
[2018.06.09-23.29.31:826][ 40]LogLinker: Warning: Não é possível encontrar o arquivo “/Game/Textures/T_Metal_Rust_Mat”
[2018.06.09-23.29.31:826][ 40]LogLinker: Warning: Não é possível encontrar o arquivo do ativo “NULL” ao carregar /Game/Textures/T_Metal_Rust_Mat.
[2018.06.09-23.29.31:826][ 40]LogLinker: Warning: Não é possível encontrar o arquivo “/Game/Textures/T_Metal_Rust_Mat”
[2018.06.09-23.29.31:826][ 40]LogLinker: Warning: Não é possível encontrar o arquivo do ativo “NULL” ao carregar /Game/Textures/T_Metal_Rust_Mat.
[2018.06.09-23.29.31:828][ 40]LogLinker: Warning: Não é possível encontrar o arquivo “/Game/Textures/T_Concrete_Grime_Mat”
[2018.06.09-23.29.31:828][ 40]LoadErrors: Falha ao carregar /Game/Textures/T_Concrete_Grime_Mat.T_Concrete_Grime_Mat Referenciado por Cube12_7
[2018.06.09-23.29.31:828][ 40]LogLinker: Warning: Não é possível encontrar o arquivo do ativo “NULL” ao carregar /Game/Textures/T_Concrete_Grime_Mat.
[2018.06.09-23.29.31:828][ 40]LogLinker: Warning: Não é possível encontrar o arquivo “/Game/Textures/T_Rock_Smooth_Granite_Mat”
[2018.06.09-23.29.31:828][ 40]LoadErrors: Falha ao carregar /Game/Textures/T_Rock_Smooth_Granite_Mat.T_Rock_Smooth_Granite_Mat Referenciado por Cube5
[2018.06.09-23.29.31:829][ 40]LogLinker: Warning: Não é possível encontrar o arquivo do ativo “NULL” ao carregar /Game/Textures/T_Rock_Smooth_Granite_Mat.
[2018.06.09-23.29.31:829][ 40]LogLinker: Warning: Não é possível encontrar o arquivo “/Game/Textures/T_Rock_Smooth_Granite_Mat”
[2018.06.09-23.29.31:829][ 40]LoadErrors: Falha ao carregar /Game/Textures/T_Rock_Smooth_Granite_Mat.T_Rock_Smooth_Granite_Mat Referenciado por Floor
[2018.06.09-23.29.31:829][ 40]LogLinker: Warning: Não é possível encontrar o arquivo do ativo “NULL” ao carregar /Game/Textures/T_Rock_Smooth_Granite_Mat.
[2018.06.09-23.29.31:830][ 40]LogLinker: Warning: Não é possível encontrar o arquivo “/Game/Textures/T_Fire_Tiled_Mat”
[2018.06.09-23.29.31:830][ 40]LoadErrors: Falha ao carregar /Game/Textures/T_Fire_Tiled_Mat.T_Fire_Tiled_Mat Referenciado por Sphere2
[2018.06.09-23.29.31:830][ 40]LogLinker: Warning: Não é possível encontrar o arquivo do ativo “NULL” ao carregar /Game/Textures/T_Fire_Tiled_Mat.
[2018.06.09-23.29.31:830][ 40]LogLinker: Warning: Não é possível encontrar o arquivo “/Game/Textures/T_CobbleStone_Pebble_Mat”
[2018.06.09-23.29.31:830][ 40]LoadErrors: Falha ao carregar /Game/Textures/T_CobbleStone_Pebble_Mat.T_CobbleStone_Pebble_Mat Referenciado por Sphere_10
[2018.06.09-23.29.31:830][ 40]LogLinker: Warning: Não é possível encontrar o arquivo do ativo “NULL” ao carregar /Game/Textures/T_CobbleStone_Pebble_Mat.
[2018.06.09-23.29.31:841][ 40]LogMaterial: Missing cached shader map for material Color_F09, compiling. 
[2018.06.09-23.29.31:900][ 40]LogTexture: Display: Building textures: ShadowMapTexture2D_53 (BGRA8, 512X128)
[2018.06.09-23.29.31:900][ 40]LogTexture: Display: Building textures: ShadowMapTexture2D_54 (BGRA8, 128X128)
[2018.06.09-23.29.31:900][ 40]LogTexture: Display: Building textures: ShadowMapTexture2D_55 (G8, 32X32)
[2018.06.09-23.29.31:903][ 40]LogShaderCompilers: Display: Shaders left to compile 31
[2018.06.09-23.29.31:903][ 40]LogShaderCompilers: Display: Shaders left to compile 21
[2018.06.09-23.29.31:903][ 40]LogShaderCompilers: Display: Shaders left to compile 11
[2018.06.09-23.29.31:903][ 40]LogShaderCompilers: Display: Shaders left to compile 1
[2018.06.09-23.29.31:904][ 40]LogAIModule: Creating AISystem for world HugoLevel
[2018.06.09-23.29.31:929][ 40]Cmd: MAP LOAD FILE="../../../../../../Projects/MRVPROJECTUNREAL/Content/HugoLevel.umap" TEMPLATE=0 SHOWPROGRESS=1 FEATURELEVEL=3
[2018.06.09-23.29.31:929][ 40]LightingResults: New page: Compilação de Iluminação
[2018.06.09-23.29.31:930][ 40]LoadErrors: New page: Carregando mapa: HugoLevel.umap
[2018.06.09-23.29.31:931][ 40]MapCheck: New page: Verificação de Mapa
[2018.06.09-23.29.31:931][ 40]LightingResults: New page: Compilação de Iluminação
[2018.06.09-23.29.31:950][ 40]LogEditorServer: Finished looking for orphan Actors (0.000 secs)
[2018.06.09-23.29.32:000][ 40]Cmd: MAP CHECKDEP NOCLEARLOG
[2018.06.09-23.29.32:086][ 40]MapCheck: Map check complete: 0 Error(s), 0 Warning(s), took 85,989ms to complete.
[2018.06.09-23.29.32:086][ 40]LogFileHelpers: Loading map 'HugoLevel' took 0.158
[2018.06.09-23.30.00:396][684]LogSlate: FSceneViewport::OnFocusLost() reason 0
[2018.06.09-23.31.25:656][786]LogAIModule: Creating AISystem for world DavidLevel
[2018.06.09-23.31.26:891][786]LogSlate: Window 'Salvar Conteúdo' being destroyed
[2018.06.09-23.31.32:589][ 33]LogSlate: Window 'Salvar Conteúdo' being destroyed
[2018.06.09-23.31.32:596][ 33]Cmd: MAP LOAD FILE="../../../../../../Projects/MRVPROJECTUNREAL/Content/DavidLevel.umap" TEMPLATE=0 SHOWPROGRESS=1 FEATURELEVEL=3
[2018.06.09-23.31.32:598][ 33]LightingResults: New page: Compilação de Iluminação
[2018.06.09-23.31.32:599][ 33]LoadErrors: New page: Carregando mapa: DavidLevel.umap
[2018.06.09-23.31.32:602][ 33]MapCheck: New page: Verificação de Mapa
[2018.06.09-23.31.32:602][ 33]LightingResults: New page: Compilação de Iluminação
[2018.06.09-23.31.33:756][ 33]LogSlate: Window 'Mensagem' being destroyed
[2018.06.09-23.31.33:770][ 33]LogEditorServer: Finished looking for orphan Actors (0.000 secs)
[2018.06.09-23.31.33:809][ 33]Cmd: MAP CHECKDEP NOCLEARLOG
[2018.06.09-23.31.33:887][ 33]MapCheck: Map check complete: 0 Error(s), 0 Warning(s), took 78,271ms to complete.
[2018.06.09-23.31.33:890][ 33]LogFileHelpers: Loading map 'DavidLevel' took 1.296
[2018.06.09-23.31.37:813][245]LogSlate: FSceneViewport::OnFocusLost() reason 0
[2018.06.09-23.31.38:004][251]LogLinker: Warning: Não é possível encontrar o arquivo “/Game/Textures/T_CobbleStone_Pebble_Mat”
[2018.06.09-23.31.38:004][251]LogLinker: Warning: Não é possível encontrar o arquivo do ativo “../../../../../../Projects/MRVPROJECTUNREAL/Content/HugoLevel.umap” ao carregar /Game/Textures/T_CobbleStone_Pebble_Mat.
[2018.06.09-23.31.38:004][251]LoadErrors: Error: /Game/HugoLevel : Não é possível encontrar o arquivo do ativo. /Game/Textures/T_CobbleStone_Pebble_Mat
[2018.06.09-23.31.38:006][251]LogLinker: Warning: Não é possível encontrar o arquivo “/Game/Textures/T_Concrete_Grime_Mat”
[2018.06.09-23.31.38:006][251]LogLinker: Warning: Não é possível encontrar o arquivo do ativo “../../../../../../Projects/MRVPROJECTUNREAL/Content/HugoLevel.umap” ao carregar /Game/Textures/T_Concrete_Grime_Mat.
[2018.06.09-23.31.38:006][251]LoadErrors: Error: /Game/HugoLevel : Não é possível encontrar o arquivo do ativo. /Game/Textures/T_Concrete_Grime_Mat
[2018.06.09-23.31.38:006][251]LogLinker: Warning: Não é possível encontrar o arquivo “/Game/Textures/T_Fire_Tiled_Mat”
[2018.06.09-23.31.38:006][251]LogLinker: Warning: Não é possível encontrar o arquivo do ativo “../../../../../../Projects/MRVPROJECTUNREAL/Content/HugoLevel.umap” ao carregar /Game/Textures/T_Fire_Tiled_Mat.
[2018.06.09-23.31.38:006][251]LoadErrors: Error: /Game/HugoLevel : Não é possível encontrar o arquivo do ativo. /Game/Textures/T_Fire_Tiled_Mat
[2018.06.09-23.31.38:007][251]LogLinker: Warning: Não é possível encontrar o arquivo “/Game/Textures/T_Metal_Rust_Mat”
[2018.06.09-23.31.38:007][251]LogLinker: Warning: Não é possível encontrar o arquivo do ativo “../../../../../../Projects/MRVPROJECTUNREAL/Content/HugoLevel.umap” ao carregar /Game/Textures/T_Metal_Rust_Mat.
[2018.06.09-23.31.38:008][251]LoadErrors: Error: /Game/HugoLevel : Não é possível encontrar o arquivo do ativo. /Game/Textures/T_Metal_Rust_Mat
[2018.06.09-23.31.38:008][251]LogLinker: Warning: Não é possível encontrar o arquivo “/Game/Textures/T_Rock_Smooth_Granite_Mat”
[2018.06.09-23.31.38:008][251]LogLinker: Warning: Não é possível encontrar o arquivo do ativo “../../../../../../Projects/MRVPROJECTUNREAL/Content/HugoLevel.umap” ao carregar /Game/Textures/T_Rock_Smooth_Granite_Mat.
[2018.06.09-23.31.38:008][251]LoadErrors: Error: /Game/HugoLevel : Não é possível encontrar o arquivo do ativo. /Game/Textures/T_Rock_Smooth_Granite_Mat
[2018.06.09-23.31.38:009][251]LogLinker: Warning: Não é possível encontrar o arquivo “/Game/Textures/T_CobbleStone_Pebble_Mat”
[2018.06.09-23.31.38:009][251]LogLinker: Warning: Não é possível encontrar o arquivo do ativo “../../../../../../Projects/MRVPROJECTUNREAL/Content/HugoLevel.umap” ao carregar /Game/Textures/T_CobbleStone_Pebble_Mat.
[2018.06.09-23.31.38:009][251]LogLinker: Warning: Não é possível encontrar o arquivo “/Game/Textures/T_Concrete_Grime_Mat”
[2018.06.09-23.31.38:009][251]LogLinker: Warning: Não é possível encontrar o arquivo do ativo “../../../../../../Projects/MRVPROJECTUNREAL/Content/HugoLevel.umap” ao carregar /Game/Textures/T_Concrete_Grime_Mat.
[2018.06.09-23.31.38:009][251]LogLinker: Warning: Não é possível encontrar o arquivo “/Game/Textures/T_Fire_Tiled_Mat”
[2018.06.09-23.31.38:009][251]LogLinker: Warning: Não é possível encontrar o arquivo do ativo “../../../../../../Projects/MRVPROJECTUNREAL/Content/HugoLevel.umap” ao carregar /Game/Textures/T_Fire_Tiled_Mat.
[2018.06.09-23.31.38:009][251]LogLinker: Warning: Não é possível encontrar o arquivo “/Game/Textures/T_Metal_Rust_Mat”
[2018.06.09-23.31.38:010][251]LogLinker: Warning: Não é possível encontrar o arquivo do ativo “../../../../../../Projects/MRVPROJECTUNREAL/Content/HugoLevel.umap” ao carregar /Game/Textures/T_Metal_Rust_Mat.
[2018.06.09-23.31.38:010][251]LogLinker: Warning: Não é possível encontrar o arquivo “/Game/Textures/T_Rock_Smooth_Granite_Mat”
[2018.06.09-23.31.38:010][251]LogLinker: Warning: Não é possível encontrar o arquivo do ativo “../../../../../../Projects/MRVPROJECTUNREAL/Content/HugoLevel.umap” ao carregar /Game/Textures/T_Rock_Smooth_Granite_Mat.
[2018.06.09-23.31.38:026][251]LogLinker: Warning: Não é possível encontrar o arquivo “/Game/Textures/T_Metal_Rust_Mat”
[2018.06.09-23.31.38:026][251]LoadErrors: Falha ao carregar /Game/Textures/T_Metal_Rust_Mat.T_Metal_Rust_Mat Referenciado por Model_3
[2018.06.09-23.31.38:026][251]LogLinker: Warning: Não é possível encontrar o arquivo do ativo “NULL” ao carregar /Game/Textures/T_Metal_Rust_Mat.
[2018.06.09-23.31.38:027][251]LogLinker: Warning: Não é possível encontrar o arquivo “/Game/Textures/T_Metal_Rust_Mat”
[2018.06.09-23.31.38:027][251]LogLinker: Warning: Não é possível encontrar o arquivo do ativo “NULL” ao carregar /Game/Textures/T_Metal_Rust_Mat.
[2018.06.09-23.31.38:027][251]LogLinker: Warning: Não é possível encontrar o arquivo “/Game/Textures/T_Metal_Rust_Mat”
[2018.06.09-23.31.38:027][251]LogLinker: Warning: Não é possível encontrar o arquivo do ativo “NULL” ao carregar /Game/Textures/T_Metal_Rust_Mat.
[2018.06.09-23.31.38:027][251]LogLinker: Warning: Não é possível encontrar o arquivo “/Game/Textures/T_Metal_Rust_Mat”
[2018.06.09-23.31.38:027][251]LogLinker: Warning: Não é possível encontrar o arquivo do ativo “NULL” ao carregar /Game/Textures/T_Metal_Rust_Mat.
[2018.06.09-23.31.38:027][251]LogLinker: Warning: Não é possível encontrar o arquivo “/Game/Textures/T_Metal_Rust_Mat”
[2018.06.09-23.31.38:027][251]LogLinker: Warning: Não é possível encontrar o arquivo do ativo “NULL” ao carregar /Game/Textures/T_Metal_Rust_Mat.
[2018.06.09-23.31.38:027][251]LogLinker: Warning: Não é possível encontrar o arquivo “/Game/Textures/T_Metal_Rust_Mat”
[2018.06.09-23.31.38:028][251]LogLinker: Warning: Não é possível encontrar o arquivo do ativo “NULL” ao carregar /Game/Textures/T_Metal_Rust_Mat.
[2018.06.09-23.31.38:028][251]LogLinker: Warning: Não é possível encontrar o arquivo “/Game/Textures/T_Metal_Rust_Mat”
[2018.06.09-23.31.38:028][251]LogLinker: Warning: Não é possível encontrar o arquivo do ativo “NULL” ao carregar /Game/Textures/T_Metal_Rust_Mat.
[2018.06.09-23.31.38:028][251]LogLinker: Warning: Não é possível encontrar o arquivo “/Game/Textures/T_Metal_Rust_Mat”
[2018.06.09-23.31.38:028][251]LogLinker: Warning: Não é possível encontrar o arquivo do ativo “NULL” ao carregar /Game/Textures/T_Metal_Rust_Mat.
[2018.06.09-23.31.38:028][251]LogLinker: Warning: Não é possível encontrar o arquivo “/Game/Textures/T_Metal_Rust_Mat”
[2018.06.09-23.31.38:028][251]LogLinker: Warning: Não é possível encontrar o arquivo do ativo “NULL” ao carregar /Game/Textures/T_Metal_Rust_Mat.
[2018.06.09-23.31.38:028][251]LogLinker: Warning: Não é possível encontrar o arquivo “/Game/Textures/T_Metal_Rust_Mat”
[2018.06.09-23.31.38:028][251]LogLinker: Warning: Não é possível encontrar o arquivo do ativo “NULL” ao carregar /Game/Textures/T_Metal_Rust_Mat.
[2018.06.09-23.31.38:029][251]LogLinker: Warning: Não é possível encontrar o arquivo “/Game/Textures/T_Metal_Rust_Mat”
[2018.06.09-23.31.38:029][251]LoadErrors: Falha ao carregar /Game/Textures/T_Metal_Rust_Mat.T_Metal_Rust_Mat Referenciado por ModelComponent_27
[2018.06.09-23.31.38:029][251]LogLinker: Warning: Não é possível encontrar o arquivo do ativo “NULL” ao carregar /Game/Textures/T_Metal_Rust_Mat.
[2018.06.09-23.31.38:029][251]LogLinker: Warning: Não é possível encontrar o arquivo “/Game/Textures/T_Metal_Rust_Mat”
[2018.06.09-23.31.38:029][251]LoadErrors: Falha ao carregar /Game/Textures/T_Metal_Rust_Mat.T_Metal_Rust_Mat Referenciado por ModelComponent_28
[2018.06.09-23.31.38:029][251]LogLinker: Warning: Não é possível encontrar o arquivo do ativo “NULL” ao carregar /Game/Textures/T_Metal_Rust_Mat.
[2018.06.09-23.31.38:029][251]LogLinker: Warning: Não é possível encontrar o arquivo “/Game/Textures/T_Metal_Rust_Mat”
[2018.06.09-23.31.38:029][251]LoadErrors: Falha ao carregar /Game/Textures/T_Metal_Rust_Mat.T_Metal_Rust_Mat Referenciado por ModelComponent_29
[2018.06.09-23.31.38:030][251]LogLinker: Warning: Não é possível encontrar o arquivo do ativo “NULL” ao carregar /Game/Textures/T_Metal_Rust_Mat.
[2018.06.09-23.31.38:030][251]LogLinker: Warning: Não é possível encontrar o arquivo “/Game/Textures/T_Metal_Rust_Mat”
[2018.06.09-23.31.38:030][251]LoadErrors: Falha ao carregar /Game/Textures/T_Metal_Rust_Mat.T_Metal_Rust_Mat Referenciado por Polys_12
[2018.06.09-23.31.38:030][251]LogLinker: Warning: Não é possível encontrar o arquivo do ativo “NULL” ao carregar /Game/Textures/T_Metal_Rust_Mat.
[2018.06.09-23.31.38:030][251]LogLinker: Warning: Não é possível encontrar o arquivo “/Game/Textures/T_Metal_Rust_Mat”
[2018.06.09-23.31.38:031][251]LogLinker: Warning: Não é possível encontrar o arquivo do ativo “NULL” ao carregar /Game/Textures/T_Metal_Rust_Mat.
[2018.06.09-23.31.38:031][251]LogLinker: Warning: Não é possível encontrar o arquivo “/Game/Textures/T_Metal_Rust_Mat”
[2018.06.09-23.31.38:031][251]LogLinker: Warning: Não é possível encontrar o arquivo do ativo “NULL” ao carregar /Game/Textures/T_Metal_Rust_Mat.
[2018.06.09-23.31.38:031][251]LogLinker: Warning: Não é possível encontrar o arquivo “/Game/Textures/T_Metal_Rust_Mat”
[2018.06.09-23.31.38:031][251]LogLinker: Warning: Não é possível encontrar o arquivo do ativo “NULL” ao carregar /Game/Textures/T_Metal_Rust_Mat.
[2018.06.09-23.31.38:032][251]LogLinker: Warning: Não é possível encontrar o arquivo “/Game/Textures/T_Metal_Rust_Mat”
[2018.06.09-23.31.38:032][251]LogLinker: Warning: Não é possível encontrar o arquivo do ativo “NULL” ao carregar /Game/Textures/T_Metal_Rust_Mat.
[2018.06.09-23.31.38:032][251]LogLinker: Warning: Não é possível encontrar o arquivo “/Game/Textures/T_Metal_Rust_Mat”
[2018.06.09-23.31.38:032][251]LogLinker: Warning: Não é possível encontrar o arquivo do ativo “NULL” ao carregar /Game/Textures/T_Metal_Rust_Mat.
[2018.06.09-23.31.38:032][251]LogLinker: Warning: Não é possível encontrar o arquivo “/Game/Textures/T_Metal_Rust_Mat”
[2018.06.09-23.31.38:033][251]LogLinker: Warning: Não é possível encontrar o arquivo do ativo “NULL” ao carregar /Game/Textures/T_Metal_Rust_Mat.
[2018.06.09-23.31.38:033][251]LogLinker: Warning: Não é possível encontrar o arquivo “/Game/Textures/T_Metal_Rust_Mat”
[2018.06.09-23.31.38:033][251]LogLinker: Warning: Não é possível encontrar o arquivo do ativo “NULL” ao carregar /Game/Textures/T_Metal_Rust_Mat.
[2018.06.09-23.31.38:033][251]LogLinker: Warning: Não é possível encontrar o arquivo “/Game/Textures/T_Metal_Rust_Mat”
[2018.06.09-23.31.38:034][251]LogLinker: Warning: Não é possível encontrar o arquivo do ativo “NULL” ao carregar /Game/Textures/T_Metal_Rust_Mat.
[2018.06.09-23.31.38:035][251]LogLinker: Warning: Não é possível encontrar o arquivo “/Game/Textures/T_Metal_Rust_Mat”
[2018.06.09-23.31.38:036][251]LogLinker: Warning: Não é possível encontrar o arquivo do ativo “NULL” ao carregar /Game/Textures/T_Metal_Rust_Mat.
[2018.06.09-23.31.38:039][251]LogLinker: Warning: Não é possível encontrar o arquivo “/Game/Textures/T_Concrete_Grime_Mat”
[2018.06.09-23.31.38:039][251]LoadErrors: Falha ao carregar /Game/Textures/T_Concrete_Grime_Mat.T_Concrete_Grime_Mat Referenciado por Cube12_7
[2018.06.09-23.31.38:039][251]LogLinker: Warning: Não é possível encontrar o arquivo do ativo “NULL” ao carregar /Game/Textures/T_Concrete_Grime_Mat.
[2018.06.09-23.31.38:040][251]LogLinker: Warning: Não é possível encontrar o arquivo “/Game/Textures/T_Rock_Smooth_Granite_Mat”
[2018.06.09-23.31.38:040][251]LoadErrors: Falha ao carregar /Game/Textures/T_Rock_Smooth_Granite_Mat.T_Rock_Smooth_Granite_Mat Referenciado por Cube5
[2018.06.09-23.31.38:040][251]LogLinker: Warning: Não é possível encontrar o arquivo do ativo “NULL” ao carregar /Game/Textures/T_Rock_Smooth_Granite_Mat.
[2018.06.09-23.31.38:040][251]LogLinker: Warning: Não é possível encontrar o arquivo “/Game/Textures/T_Rock_Smooth_Granite_Mat”
[2018.06.09-23.31.38:040][251]LoadErrors: Falha ao carregar /Game/Textures/T_Rock_Smooth_Granite_Mat.T_Rock_Smooth_Granite_Mat Referenciado por Floor
[2018.06.09-23.31.38:040][251]LogLinker: Warning: Não é possível encontrar o arquivo do ativo “NULL” ao carregar /Game/Textures/T_Rock_Smooth_Granite_Mat.
[2018.06.09-23.31.38:041][251]LogLinker: Warning: Não é possível encontrar o arquivo “/Game/Textures/T_Fire_Tiled_Mat”
[2018.06.09-23.31.38:041][251]LoadErrors: Falha ao carregar /Game/Textures/T_Fire_Tiled_Mat.T_Fire_Tiled_Mat Referenciado por Sphere2
[2018.06.09-23.31.38:041][251]LogLinker: Warning: Não é possível encontrar o arquivo do ativo “NULL” ao carregar /Game/Textures/T_Fire_Tiled_Mat.
[2018.06.09-23.31.38:041][251]LogLinker: Warning: Não é possível encontrar o arquivo “/Game/Textures/T_CobbleStone_Pebble_Mat”
[2018.06.09-23.31.38:041][251]LoadErrors: Falha ao carregar /Game/Textures/T_CobbleStone_Pebble_Mat.T_CobbleStone_Pebble_Mat Referenciado por Sphere_10
[2018.06.09-23.31.38:041][251]LogLinker: Warning: Não é possível encontrar o arquivo do ativo “NULL” ao carregar /Game/Textures/T_CobbleStone_Pebble_Mat.
[2018.06.09-23.31.38:045][251]LogAIModule: Creating AISystem for world HugoLevel
[2018.06.09-23.31.39:740][251]LogSlate: Window 'Salvar Conteúdo' being destroyed
[2018.06.09-23.31.39:747][251]Cmd: MAP LOAD FILE="../../../../../../Projects/MRVPROJECTUNREAL/Content/HugoLevel.umap" TEMPLATE=0 SHOWPROGRESS=1 FEATURELEVEL=3
[2018.06.09-23.31.39:750][251]LightingResults: New page: Compilação de Iluminação
[2018.06.09-23.31.39:754][251]LoadErrors: New page: Carregando mapa: HugoLevel.umap
[2018.06.09-23.31.39:760][251]MapCheck: New page: Verificação de Mapa
[2018.06.09-23.31.39:760][251]LightingResults: New page: Compilação de Iluminação
[2018.06.09-23.31.40:972][251]LogSlate: Window 'Mensagem' being destroyed
[2018.06.09-23.31.40:986][251]LogEditorServer: Finished looking for orphan Actors (0.000 secs)
[2018.06.09-23.31.41:023][251]Cmd: MAP CHECKDEP NOCLEARLOG
[2018.06.09-23.31.41:094][251]MapCheck: Map check complete: 0 Error(s), 0 Warning(s), took 72,005ms to complete.
[2018.06.09-23.31.41:095][251]LogFileHelpers: Loading map 'HugoLevel' took 1.350
[2018.06.09-23.31.46:922][485]LogSlate: Window 'Delete Assets' being destroyed
[2018.06.09-23.34.43:441][389]Cmd: OBJ SAVEPACKAGE PACKAGE="/Game/HugoLevel" FILE="../../../../../../Projects/MRVPROJECTUNREAL/Content/HugoLevel.umap" SILENT=true AUTOSAVING=false KEEPDIRTY=false
[2018.06.09-23.34.43:556][389]LogSavePackage: Save=89.33ms
[2018.06.09-23.34.43:556][389]LogSavePackage: Moving '../../../../../../Projects/MRVPROJECTUNREAL/Saved/HugoLevel642CE12C4B1CD55D2F776EA53979B8BA.tmp' to '../../../../../../Projects/MRVPROJECTUNREAL/Content/HugoLevel.umap'
[2018.06.09-23.34.43:557][389]LogSavePackage: Display: Finished SavePackage ../../../../../../Projects/MRVPROJECTUNREAL/Content/HugoLevel.umap
